[0.022s] Invoking command in '/home/theda/dev_ws/src/autoronto_interview/build/autoronto_interview': CMAKE_PREFIX_PATH=/opt/ros/humble /usr/bin/cmake --build /home/theda/dev_ws/src/autoronto_interview/build/autoronto_interview -- -j4 -l4
[0.076s] [35m[1mConsolidate compiler generated dependencies of target davidchus_test[0m
[0.089s] [ 50%] Built target solution
[0.098s] [ 75%] [32mBuilding CXX object CMakeFiles/davidchus_test.dir/src/test.cpp.o[0m
[3.555s] [01m[K/home/theda/dev_ws/src/autoronto_interview/src/test.cpp:57:2:[m[K [01;31m[Kerror: [m[Kexpected â€˜[01m[K;[m[Kâ€™ after class definition
[3.555s]    57 | }
[3.556s]       |  [01;31m[K^[m[K
[3.556s]       |  [32m[K;[m[K
[3.559s] [01m[K/home/theda/dev_ws/src/autoronto_interview/src/test.cpp:[m[K In constructor â€˜[01m[KTest::Test()[m[Kâ€™:
[3.559s] [01m[K/home/theda/dev_ws/src/autoronto_interview/src/test.cpp:24:13:[m[K [01;31m[Kerror: [m[Kunable to find numeric literal operator â€˜[01m[Koperator""ms[m[Kâ€™
[3.559s]    24 |             [01;31m[K1000ms[m[K, std::bind(&Test::timer_callback, this));
[3.560s]       |             [01;31m[K^~~~~~[m[K
[3.564s] [01m[K/home/theda/dev_ws/src/autoronto_interview/src/test.cpp:[m[K In member function â€˜[01m[Kvoid Test::timer_callback()[m[Kâ€™:
[3.565s] [01m[K/home/theda/dev_ws/src/autoronto_interview/src/test.cpp:30:30:[m[K [01;31m[Kerror: [m[Kcannot convert â€˜[01m[Kstd::size_t[m[Kâ€™ {aka â€˜[01m[Klong unsigned int[m[Kâ€™} to â€˜[01m[Kstd::vector<signed char, std::allocator<signed char> >[m[Kâ€™
[3.565s]    30 |         input_timer_callback([01;31m[Kiteration[m[K);
[3.565s]       |                              [01;31m[K^~~~~~~~~[m[K
[3.565s]       |                              [01;31m[K|[m[K
[3.565s]       |                              [01;31m[Kstd::size_t {aka long unsigned int}[m[K
[3.565s] [01m[K/home/theda/dev_ws/src/autoronto_interview/src/test.cpp:37:62:[m[K [01;36m[Knote: [m[K  initializing argument 1 of â€˜[01m[Kvoid Test::input_timer_callback(std::vector<signed char, std::allocator<signed char> >)[m[Kâ€™
[3.566s]    37 |     void input_timer_callback([01;36m[Kconst std::vector<std::int8_t> input_vec[m[K) {
[3.566s]       |                               [01;36m[K~~~~~~~~~~~~~~~~~~~~~~~~~~~~~~~^~~~~~~~~[m[K
[5.009s] gmake[2]: *** [CMakeFiles/davidchus_test.dir/build.make:76: CMakeFiles/davidchus_test.dir/src/test.cpp.o] Error 1
[5.009s] gmake[1]: *** [CMakeFiles/Makefile2:165: CMakeFiles/davidchus_test.dir/all] Error 2
[5.009s] gmake: *** [Makefile:146: all] Error 2
[5.012s] Invoked command in '/home/theda/dev_ws/src/autoronto_interview/build/autoronto_interview' returned '2': CMAKE_PREFIX_PATH=/opt/ros/humble /usr/bin/cmake --build /home/theda/dev_ws/src/autoronto_interview/build/autoronto_interview -- -j4 -l4
