[0.017s] Invoking command in '/home/theda/dev_ws/src/autoronto_interview/build/autoronto_interview': CMAKE_PREFIX_PATH=/opt/ros/humble /usr/bin/cmake /home/theda/dev_ws/src/autoronto_interview -DCMAKE_INSTALL_PREFIX=/home/theda/dev_ws/src/autoronto_interview/install/autoronto_interview
[0.035s] -- Found ament_cmake: 1.3.2 (/opt/ros/humble/share/ament_cmake/cmake)
[0.233s] -- Found rclcpp: 16.0.1 (/opt/ros/humble/share/rclcpp/cmake)
[0.385s] -- Found rosidl_generator_c: 3.1.3 (/opt/ros/humble/share/rosidl_generator_c/cmake)
[0.388s] -- Found rosidl_adapter: 3.1.3 (/opt/ros/humble/share/rosidl_adapter/cmake)
[0.399s] -- Found rosidl_generator_cpp: 3.1.3 (/opt/ros/humble/share/rosidl_generator_cpp/cmake)
[0.423s] -- Using all available rosidl_typesupport_c: rosidl_typesupport_fastrtps_c;rosidl_typesupport_introspection_c
[0.444s] -- Using all available rosidl_typesupport_cpp: rosidl_typesupport_fastrtps_cpp;rosidl_typesupport_introspection_cpp
[0.524s] -- Found rmw_implementation_cmake: 6.1.0 (/opt/ros/humble/share/rmw_implementation_cmake/cmake)
[0.525s] -- Found rmw_fastrtps_cpp: 6.2.1 (/opt/ros/humble/share/rmw_fastrtps_cpp/cmake)
[6.307s] -- Using RMW implementation 'rmw_fastrtps_cpp' as default
[6.642s] -- Found ament_lint_auto: 0.12.4 (/opt/ros/humble/share/ament_lint_auto/cmake)
[6.745s] -- Added test 'cppcheck' to perform static code analysis on C / C++ code
[6.745s] -- Configured cppcheck include dirs: 
[6.746s] -- Configured cppcheck exclude dirs and/or files: 
[6.748s] -- Added test 'flake8' to check Python code syntax and style conventions
[6.753s] -- Added test 'lint_cmake' to check CMake code style
[6.755s] -- Added test 'pep257' to check Python code against some of the docstring style conventions in PEP 257
[6.761s] -- Added test 'uncrustify' to check C / C++ code style
[6.761s] -- Configured uncrustify additional arguments: 
[6.762s] -- Added test 'xmllint' to check XML markup files
[6.766s] -- Configuring done
[6.782s] -- Generating done
[6.785s] -- Build files have been written to: /home/theda/dev_ws/src/autoronto_interview/build/autoronto_interview
[6.797s] Invoked command in '/home/theda/dev_ws/src/autoronto_interview/build/autoronto_interview' returned '0': CMAKE_PREFIX_PATH=/opt/ros/humble /usr/bin/cmake /home/theda/dev_ws/src/autoronto_interview -DCMAKE_INSTALL_PREFIX=/home/theda/dev_ws/src/autoronto_interview/install/autoronto_interview
[6.798s] Invoking command in '/home/theda/dev_ws/src/autoronto_interview/build/autoronto_interview': CMAKE_PREFIX_PATH=/opt/ros/humble /usr/bin/cmake --build /home/theda/dev_ws/src/autoronto_interview/build/autoronto_interview -- -j4 -l4
[6.851s] [ 50%] [32mBuilding CXX object CMakeFiles/solution.dir/src/solution.cpp.o[0m
[7.169s] [01m[K/home/theda/dev_ws/src/autoronto_interview/src/solution.cpp:14:10:[m[K [01;31m[Kfatal error: [m[Ksrc/solution.hpp: No such file or directory
[7.169s]    14 | #include [01;31m[K"src/solution.hpp"[m[K
[7.169s]       |          [01;31m[K^~~~~~~~~~~~~~~~~~[m[K
[7.170s] compilation terminated.
[7.171s] gmake[2]: *** [CMakeFiles/solution.dir/build.make:76: CMakeFiles/solution.dir/src/solution.cpp.o] Error 1
[7.172s] gmake[1]: *** [CMakeFiles/Makefile2:137: CMakeFiles/solution.dir/all] Error 2
[7.172s] gmake: *** [Makefile:146: all] Error 2
[7.175s] Invoked command in '/home/theda/dev_ws/src/autoronto_interview/build/autoronto_interview' returned '2': CMAKE_PREFIX_PATH=/opt/ros/humble /usr/bin/cmake --build /home/theda/dev_ws/src/autoronto_interview/build/autoronto_interview -- -j4 -l4
