[0.019s] Invoking command in '/home/theda/dev_ws/src/autoronto_interview/build/autoronto_interview': CMAKE_PREFIX_PATH=/opt/ros/humble /usr/bin/cmake --build /home/theda/dev_ws/src/autoronto_interview/build/autoronto_interview -- -j4 -l4
[0.075s] [ 50%] [32mBuilding CXX object CMakeFiles/solution.dir/src/solution.cpp.o[0m
[4.670s] In file included from [01m[K/home/theda/dev_ws/src/autoronto_interview/src/solution.cpp:14[m[K:
[4.670s] [01m[K/home/theda/dev_ws/src/autoronto_interview/src/solution.hpp:[m[K In function â€˜[01m[Kstd::pair<signed char, signed char> find_indices(const std::vector<signed char, std::allocator<signed char> >&, int8_t)[m[Kâ€™:
[4.670s] [01m[K/home/theda/dev_ws/src/autoronto_interview/src/solution.hpp:33:51:[m[K [01;35m[Kwarning: [m[Kcomparison of integer expressions of different signedness: â€˜[01m[Kint8_t[m[Kâ€™ {aka â€˜[01m[Ksigned char[m[Kâ€™} and â€˜[01m[Kstd::vector<signed char, std::allocator<signed char> >::size_type[m[Kâ€™ {aka â€˜[01m[Klong unsigned int[m[Kâ€™} [[01;35m[K]8;;https://gcc.gnu.org/onlinedocs/gcc/Warning-Options.html#index-Wsign-compare-Wsign-compare]8;;[m[K]
[4.671s]    33 |     for (std::int8_t current_idx = 0; [01;35m[Kcurrent_idx < input.size()[m[K;
[4.671s]       |                                       [01;35m[K~~~~~~~~~~~~^~~~~~~~~~~~~~[m[K
[4.682s] In file included from [01m[K/usr/include/c++/11/cassert:44[m[K,
[4.682s]                  from [01m[K/home/theda/dev_ws/src/autoronto_interview/src/solution.hpp:3[m[K,
[4.682s]                  from [01m[K/home/theda/dev_ws/src/autoronto_interview/src/solution.cpp:14[m[K:
[4.683s] [01m[K/home/theda/dev_ws/src/autoronto_interview/src/solution.hpp:[m[K In function â€˜[01m[Kvoid test_case_find_indices(std::vector<signed char, std::allocator<signed char> >&, int8_t, std::pair<signed char, signed char>)[m[Kâ€™:
[4.683s] [01m[K/home/theda/dev_ws/src/autoronto_interview/src/solution.hpp:56:78:[m[K [01;35m[Kwarning: [m[Ksuggest parentheses around â€˜[01m[K&&[m[Kâ€™ within â€˜[01m[K||[m[Kâ€™ [[01;35m[K]8;;https://gcc.gnu.org/onlinedocs/gcc/Warning-Options.html#index-Wparentheses-Wparentheses]8;;[m[K]
[4.683s]    56 |             [01;35m[K(oracle.first == output.second && oracle.second == output.first) &&[m[K
[4.684s]       |             [01;35m[K~~~~~~~~~~~~~~~~~~~~~~~~~~~~~~~~~~~~~~~~~~~~~~~~~~~~~~~~~~~~~~~~~^~[m[K
[4.684s]    57 | [01;35m[K            "wrong answer!"[m[K);
[4.684s]       |             [01;35m[K~~~~~~~~~~~~~~~[m[K                                                   
[4.686s] [01m[K/home/theda/dev_ws/src/autoronto_interview/src/solution.cpp:[m[K At global scope:
[4.686s] [01m[K/home/theda/dev_ws/src/autoronto_interview/src/solution.cpp:91:13:[m[K [01;31m[Kerror: [m[Kâ€˜[01m[Ktimerbase[m[Kâ€™ in namespace â€˜[01m[Krclcpp[m[Kâ€™ does not name a type; did you mean â€˜[01m[KTimerBase[m[Kâ€™?
[4.687s]    91 |     rclcpp::[01;31m[Ktimerbase[m[K::sharedptr timer_;
[4.687s]       |             [01;31m[K^~~~~~~~~[m[K
[4.687s]       |             [32m[KTimerBase[m[K
[4.701s] [01m[K/home/theda/dev_ws/src/autoronto_interview/src/solution.cpp:[m[K In constructor â€˜[01m[KMinimalSubscriberPublisher::MinimalSubscriberPublisher()[m[Kâ€™:
[4.701s] [01m[K/home/theda/dev_ws/src/autoronto_interview/src/solution.cpp:37:9:[m[K [01;31m[Kerror: [m[Kâ€˜[01m[Ktimer_[m[Kâ€™ was not declared in this scope; did you mean â€˜[01m[Ktimer_t[m[Kâ€™?
[4.701s]    37 |         [01;31m[Ktimer_[m[K = this->create_wall_timer(
[4.701s]       |         [01;31m[K^~~~~~[m[K
[4.701s]       |         [32m[Ktimer_t[m[K
[4.707s] [01m[K/home/theda/dev_ws/src/autoronto_interview/src/solution.cpp:38:13:[m[K [01;31m[Kerror: [m[Kâ€˜[01m[Kl000ms[m[Kâ€™ was not declared in this scope
[4.707s]    38 |             [01;31m[Kl000ms[m[K, std::bind(&MinimalSubscriberPublisher::timer_callback, this));
[4.708s]       |             [01;31m[K^~~~~~[m[K
[4.712s] [01m[K/home/theda/dev_ws/src/autoronto_interview/src/solution.cpp:[m[K In member function â€˜[01m[Kvoid MinimalSubscriberPublisher::timer_callback()[m[Kâ€™:
[4.712s] [01m[K/home/theda/dev_ws/src/autoronto_interview/src/solution.cpp:59:24:[m[K [01;31m[Kerror: [m[Kâ€˜[01m[Kstd_msg[m[Kâ€™ has not been declared
[4.713s]    59 |         auto message = [01;31m[Kstd_msg[m[K::msg::Int8MultiArray();
[4.713s]       |                        [01;31m[K^~~~~~~[m[K
[4.720s] [01m[K/home/theda/dev_ws/src/autoronto_interview/src/solution.cpp:64:13:[m[K [01;31m[Kerror: [m[Kâ€˜[01m[Krclcpp_info[m[Kâ€™ was not declared in this scope
[4.720s]    64 |             [01;31m[Krclcpp_info[m[K(this->get_logger(), "Publishing: nothing! (%d)", counter++);
[4.720s]       |             [01;31m[K^~~~~~~~~~~[m[K
[4.729s] [01m[K/home/theda/dev_ws/src/autoronto_interview/src/solution.cpp:71:37:[m[K [01;31m[Kerror: [m[Kâ€˜[01m[Kinputs[m[Kâ€™ was not declared in this scope; did you mean â€˜[01m[Kinput_[m[Kâ€™?
[4.729s]    71 |         auto indices = find_indices([01;31m[Kinputs[m[K, target);
[4.730s]       |                                     [01;31m[K^~~~~~[m[K
[4.730s]       |                                     [32m[Kinput_[m[K
[4.736s] [01m[K/home/theda/dev_ws/src/autoronto_interview/src/solution.cpp:71:45:[m[K [01;31m[Kerror: [m[Kâ€˜[01m[Ktarget[m[Kâ€™ was not declared in this scope; did you mean â€˜[01m[Ktarget_[m[Kâ€™?
[4.737s]    71 |         auto indices = find_indices(inputs, [01;31m[Ktarget[m[K);
[4.737s]       |                                             [01;31m[K^~~~~~[m[K
[4.737s]       |                                             [32m[Ktarget_[m[K
[4.737s] [01m[K/home/theda/dev_ws/src/autoronto_interview/src/solution.cpp:75:25:[m[K [01;35m[Kwarning: [m[KC++ designated initializers only available with â€˜[01m[K-std=c++20[m[Kâ€™ or â€˜[01m[K-std=gnu++20[m[Kâ€™ [[01;35m[K]8;;https://gcc.gnu.org/onlinedocs/gcc/Warning-Options.html#index-Wpedantic-Wpedantic]8;;[m[K]
[4.738s]    75 |         message.dim = {{[01;35m[K.[m[Klabel = "length", .size = 2, .stride = 2}};  // is this the right name?
[4.738s]       |                         [01;35m[K^[m[K
[4.738s] [01m[K/home/theda/dev_ws/src/autoronto_interview/src/solution.cpp:75:44:[m[K [01;35m[Kwarning: [m[KC++ designated initializers only available with â€˜[01m[K-std=c++20[m[Kâ€™ or â€˜[01m[K-std=gnu++20[m[Kâ€™ [[01;35m[K]8;;https://gcc.gnu.org/onlinedocs/gcc/Warning-Options.html#index-Wpedantic-Wpedantic]8;;[m[K]
[4.739s]    75 |         message.dim = {{.label = "length", [01;35m[K.[m[Ksize = 2, .stride = 2}};  // is this the right name?
[4.740s]       |                                            [01;35m[K^[m[K
[4.740s] [01m[K/home/theda/dev_ws/src/autoronto_interview/src/solution.cpp:75:55:[m[K [01;35m[Kwarning: [m[KC++ designated initializers only available with â€˜[01m[K-std=c++20[m[Kâ€™ or â€˜[01m[K-std=gnu++20[m[Kâ€™ [[01;35m[K]8;;https://gcc.gnu.org/onlinedocs/gcc/Warning-Options.html#index-Wpedantic-Wpedantic]8;;[m[K]
[4.740s]    75 |         message.dim = {{.label = "length", .size = 2, [01;35m[K.[m[Kstride = 2}};  // is this the right name?
[4.740s]       |                                                       [01;35m[K^[m[K
[4.748s] [01m[K/home/theda/dev_ws/src/autoronto_interview/src/solution.cpp:76:9:[m[K [01;31m[Kerror: [m[Kâ€˜[01m[Krclcpp_info[m[Kâ€™ was not declared in this scope
[4.749s]    76 |         [01;31m[Krclcpp_info[m[K(this->get_logger(), "Publishing: (%d, %d)",
[4.749s]       |         [01;31m[K^~~~~~~~~~~[m[K
[4.755s] [01m[K/home/theda/dev_ws/src/autoronto_interview/src/solution.cpp:[m[K In function â€˜[01m[Kint main(int, char**)[m[Kâ€™:
[4.755s] [01m[K/home/theda/dev_ws/src/autoronto_interview/src/solution.cpp:101:35:[m[K [01;31m[Kerror: [m[Kâ€˜[01m[KMinimalPublisher[m[Kâ€™ was not declared in this scope
[4.755s]   101 |     rclcpp::spin(std::make_shared<[01;31m[KMinimalPublisher[m[K>());
[4.756s]       |                                   [01;31m[K^~~~~~~~~~~~~~~~[m[K
[4.756s] [01m[K/home/theda/dev_ws/src/autoronto_interview/src/solution.cpp:101:52:[m[K [01;31m[Kerror: [m[Kno matching function for call to â€˜[01m[Kmake_shared<<expression error> >()[m[Kâ€™
[4.756s]   101 |     rclcpp::spin([01;31m[Kstd::make_shared<MinimalPublisher>()[m[K);
[4.757s]       |                  [01;31m[K~~~~~~~~~~~~~~~~~~~~~~~~~~~~~~~~~~^~[m[K
[4.757s] In file included from [01m[K/usr/include/c++/11/memory:77[m[K,
[4.757s]                  from [01m[K/home/theda/dev_ws/src/autoronto_interview/src/solution.cpp:7[m[K:
[4.758s] [01m[K/usr/include/c++/11/bits/shared_ptr.h:875:5:[m[K [01;36m[Knote: [m[Kcandidate: â€˜[01m[Ktemplate<class _Tp, class ... _Args> std::shared_ptr<_Tp> std::make_shared(_Args&& ...)[m[Kâ€™
[4.758s]   875 |     [01;36m[Kmake_shared[m[K(_Args&&... __args)
[4.758s]       |     [01;36m[K^~~~~~~~~~~[m[K
[4.758s] [01m[K/usr/include/c++/11/bits/shared_ptr.h:875:5:[m[K [01;36m[Knote: [m[K  template argument deduction/substitution failed:
[4.759s] [01m[K/home/theda/dev_ws/src/autoronto_interview/src/solution.cpp:101:52:[m[K [01;31m[Kerror: [m[Ktemplate argument 1 is invalid
[4.759s]   101 |     rclcpp::spin([01;31m[Kstd::make_shared<MinimalPublisher>()[m[K);
[4.759s]       |                  [01;31m[K~~~~~~~~~~~~~~~~~~~~~~~~~~~~~~~~~~^~[m[K
[5.703s] gmake[2]: *** [CMakeFiles/solution.dir/build.make:76: CMakeFiles/solution.dir/src/solution.cpp.o] Error 1
[5.703s] gmake[1]: *** [CMakeFiles/Makefile2:137: CMakeFiles/solution.dir/all] Error 2
[5.704s] gmake: *** [Makefile:146: all] Error 2
[5.706s] Invoked command in '/home/theda/dev_ws/src/autoronto_interview/build/autoronto_interview' returned '2': CMAKE_PREFIX_PATH=/opt/ros/humble /usr/bin/cmake --build /home/theda/dev_ws/src/autoronto_interview/build/autoronto_interview -- -j4 -l4
