[0.018s] Invoking command in '/home/theda/dev_ws/src/autoronto_interview/build/autoronto_interview': CMAKE_PREFIX_PATH=/opt/ros/humble /usr/bin/cmake --build /home/theda/dev_ws/src/autoronto_interview/build/autoronto_interview -- -j4 -l4
[0.078s] [35m[1mConsolidate compiler generated dependencies of target solution[0m
[0.102s] [ 50%] [32mBuilding CXX object CMakeFiles/solution.dir/src/solution.cpp.o[0m
[3.895s] [01m[K/home/theda/dev_ws/src/autoronto_interview/src/solution.cpp:[m[K In constructor â€˜[01m[KSolution::Solution()[m[Kâ€™:
[3.895s] [01m[K/home/theda/dev_ws/src/autoronto_interview/src/solution.cpp:38:13:[m[K [01;31m[Kerror: [m[Kâ€˜[01m[Kl000ms[m[Kâ€™ was not declared in this scope
[3.895s]    38 |             [01;31m[Kl000ms[m[K, std::bind(&Solution::timer_callback, this));
[3.896s]       |             [01;31m[K^~~~~~[m[K
[3.902s] [01m[K/home/theda/dev_ws/src/autoronto_interview/src/solution.cpp:[m[K In member function â€˜[01m[Kvoid Solution::timer_callback()[m[Kâ€™:
[3.903s] [01m[K/home/theda/dev_ws/src/autoronto_interview/src/solution.cpp:59:24:[m[K [01;31m[Kerror: [m[Kâ€˜[01m[Kstd_msg[m[Kâ€™ has not been declared
[3.903s]    59 |         auto message = [01;31m[Kstd_msg[m[K::msg::Int8MultiArray();
[3.903s]       |                        [01;31m[K^~~~~~~[m[K
[3.914s] [01m[K/home/theda/dev_ws/src/autoronto_interview/src/solution.cpp:64:13:[m[K [01;31m[Kerror: [m[Kâ€˜[01m[Krclcpp_info[m[Kâ€™ was not declared in this scope
[3.914s]    64 |             [01;31m[Krclcpp_info[m[K(this->get_logger(), "Publishing: nothing! (%d)", counter++);
[3.915s]       |             [01;31m[K^~~~~~~~~~~[m[K
[3.923s] [01m[K/home/theda/dev_ws/src/autoronto_interview/src/solution.cpp:71:37:[m[K [01;31m[Kerror: [m[Kâ€˜[01m[Kinputs[m[Kâ€™ was not declared in this scope; did you mean â€˜[01m[Kinput_[m[Kâ€™?
[3.923s]    71 |         auto indices = find_indices([01;31m[Kinputs[m[K, target);
[3.924s]       |                                     [01;31m[K^~~~~~[m[K
[3.924s]       |                                     [32m[Kinput_[m[K
[3.930s] [01m[K/home/theda/dev_ws/src/autoronto_interview/src/solution.cpp:71:45:[m[K [01;31m[Kerror: [m[Kâ€˜[01m[Ktarget[m[Kâ€™ was not declared in this scope; did you mean â€˜[01m[Ktarget_[m[Kâ€™?
[3.930s]    71 |         auto indices = find_indices(inputs, [01;31m[Ktarget[m[K);
[3.930s]       |                                             [01;31m[K^~~~~~[m[K
[3.930s]       |                                             [32m[Ktarget_[m[K
[3.931s] [01m[K/home/theda/dev_ws/src/autoronto_interview/src/solution.cpp:75:25:[m[K [01;35m[Kwarning: [m[KC++ designated initializers only available with â€˜[01m[K-std=c++20[m[Kâ€™ or â€˜[01m[K-std=gnu++20[m[Kâ€™ [[01;35m[K]8;;https://gcc.gnu.org/onlinedocs/gcc/Warning-Options.html#index-Wpedantic-Wpedantic]8;;[m[K]
[3.931s]    75 |         message.dim = {{[01;35m[K.[m[Klabel = "length", .size = 2, .stride = 2}};  // is this the right name?
[3.931s]       |                         [01;35m[K^[m[K
[3.932s] [01m[K/home/theda/dev_ws/src/autoronto_interview/src/solution.cpp:75:44:[m[K [01;35m[Kwarning: [m[KC++ designated initializers only available with â€˜[01m[K-std=c++20[m[Kâ€™ or â€˜[01m[K-std=gnu++20[m[Kâ€™ [[01;35m[K]8;;https://gcc.gnu.org/onlinedocs/gcc/Warning-Options.html#index-Wpedantic-Wpedantic]8;;[m[K]
[3.932s]    75 |         message.dim = {{.label = "length", [01;35m[K.[m[Ksize = 2, .stride = 2}};  // is this the right name?
[3.932s]       |                                            [01;35m[K^[m[K
[3.933s] [01m[K/home/theda/dev_ws/src/autoronto_interview/src/solution.cpp:75:55:[m[K [01;35m[Kwarning: [m[KC++ designated initializers only available with â€˜[01m[K-std=c++20[m[Kâ€™ or â€˜[01m[K-std=gnu++20[m[Kâ€™ [[01;35m[K]8;;https://gcc.gnu.org/onlinedocs/gcc/Warning-Options.html#index-Wpedantic-Wpedantic]8;;[m[K]
[3.933s]    75 |         message.dim = {{.label = "length", .size = 2, [01;35m[K.[m[Kstride = 2}};  // is this the right name?
[3.934s]       |                                                       [01;35m[K^[m[K
[3.943s] [01m[K/home/theda/dev_ws/src/autoronto_interview/src/solution.cpp:76:9:[m[K [01;31m[Kerror: [m[Kâ€˜[01m[Krclcpp_info[m[Kâ€™ was not declared in this scope
[3.943s]    76 |         [01;31m[Krclcpp_info[m[K(this->get_logger(), "Publishing: (%d, %d)",
[3.943s]       |         [01;31m[K^~~~~~~~~~~[m[K
[5.341s] gmake[2]: *** [CMakeFiles/solution.dir/build.make:76: CMakeFiles/solution.dir/src/solution.cpp.o] Error 1
[5.341s] gmake[1]: *** [CMakeFiles/Makefile2:137: CMakeFiles/solution.dir/all] Error 2
[5.342s] gmake: *** [Makefile:146: all] Error 2
[5.344s] Invoked command in '/home/theda/dev_ws/src/autoronto_interview/build/autoronto_interview' returned '2': CMAKE_PREFIX_PATH=/opt/ros/humble /usr/bin/cmake --build /home/theda/dev_ws/src/autoronto_interview/build/autoronto_interview -- -j4 -l4
