[0.026s] Invoking command in '/home/theda/dev_ws/src/autoronto_interview/build/autoronto_interview': CMAKE_PREFIX_PATH=${CMAKE_PREFIX_PATH}:/opt/ros/humble /usr/bin/cmake --build /home/theda/dev_ws/src/autoronto_interview/build/autoronto_interview -- -j4 -l4
[0.071s] [35m[1mConsolidate compiler generated dependencies of target solution[0m
[0.071s] [35m[1mConsolidate compiler generated dependencies of target davidchus_test[0m
[0.090s] [ 25%] [32mBuilding CXX object CMakeFiles/solution.dir/src/solution.cpp.o[0m
[0.092s] [ 50%] [32mBuilding CXX object CMakeFiles/davidchus_test.dir/src/test.cpp.o[0m
[3.902s] In file included from [01m[K/home/theda/dev_ws/src/autoronto_interview/src/test.cpp:14[m[K:
[3.903s] [01m[K/home/theda/dev_ws/src/autoronto_interview/src/find_indices.hpp:[m[K In function â€˜[01m[Kvoid test_case_find_indices_input(std::vector<signed char, std::allocator<signed char> >&, int8_t, std::vector<signed char, std::allocator<signed char> >)[m[Kâ€™:
[3.903s] [01m[K/home/theda/dev_ws/src/autoronto_interview/src/find_indices.hpp:56:5:[m[K [01;31m[Kerror: [m[Kâ€˜[01m[Ktest_case_find_indices_output[m[Kâ€™ was not declared in this scope; did you mean â€˜[01m[Ktest_case_find_indices_input[m[Kâ€™?
[3.903s]    56 |     [01;31m[Ktest_case_find_indices_output[m[K(oracle, output);
[3.903s]       |     [01;31m[K^~~~~~~~~~~~~~~~~~~~~~~~~~~~~[m[K
[3.903s]       |     [32m[Ktest_case_find_indices_input[m[K
[3.924s] In file included from [01m[K/home/theda/dev_ws/src/autoronto_interview/src/solution.cpp:15[m[K:
[3.924s] [01m[K/home/theda/dev_ws/src/autoronto_interview/src/find_indices.hpp:[m[K In function â€˜[01m[Kvoid test_case_find_indices_input(std::vector<signed char, std::allocator<signed char> >&, int8_t, std::vector<signed char, std::allocator<signed char> >)[m[Kâ€™:
[3.924s] [01m[K/home/theda/dev_ws/src/autoronto_interview/src/find_indices.hpp:56:5:[m[K [01;31m[Kerror: [m[Kâ€˜[01m[Ktest_case_find_indices_output[m[Kâ€™ was not declared in this scope; did you mean â€˜[01m[Ktest_case_find_indices_input[m[Kâ€™?
[3.925s]    56 |     [01;31m[Ktest_case_find_indices_output[m[K(oracle, output);
[3.925s]       |     [01;31m[K^~~~~~~~~~~~~~~~~~~~~~~~~~~~~[m[K
[3.925s]       |     [32m[Ktest_case_find_indices_input[m[K
[4.060s] [01m[K/home/theda/dev_ws/src/autoronto_interview/src/test.cpp:[m[K In member function â€˜[01m[Kvoid Test::solution_callback(const Int8MultiArray&)[m[Kâ€™:
[4.060s] [01m[K/home/theda/dev_ws/src/autoronto_interview/src/test.cpp:62:71:[m[K [01;31m[Kerror: [m[Kbinding reference of type â€˜[01m[Kstd::vector<signed char, std::allocator<signed char> >&[m[Kâ€™ to â€˜[01m[Kconst std::vector<signed char, std::allocator<signed char> >[m[Kâ€™ discards qualifiers
[4.060s]    62 |         test_case_find_indices_input(data_[iteration_ % data_.size()].first,
[4.061s] In file included from [01m[K/home/theda/dev_ws/src/autoronto_interview/src/test.cpp:14[m[K:
[4.061s] [01m[K/home/theda/dev_ws/src/autoronto_interview/src/find_indices.hpp:50:61:[m[K [01;36m[Knote: [m[K  initializing argument 1 of â€˜[01m[Kvoid test_case_find_indices_input(std::vector<signed char, std::allocator<signed char> >&, int8_t, std::vector<signed char, std::allocator<signed char> >)[m[Kâ€™
[4.061s]    50 | void test_case_find_indices_input([01;36m[Kstd::vector<std::int8_t> &input[m[K, std::int8_t target,
[4.061s]       |                                   [01;36m[K~~~~~~~~~~~~~~~~~~~~~~~~~~^~~~~[m[K
[8.388s] gmake[2]: *** [CMakeFiles/davidchus_test.dir/build.make:76: CMakeFiles/davidchus_test.dir/src/test.cpp.o] Error 1
[8.388s] gmake[1]: *** [CMakeFiles/Makefile2:165: CMakeFiles/davidchus_test.dir/all] Error 2
[8.389s] gmake[1]: *** Waiting for unfinished jobs....
[9.428s] gmake[2]: *** [CMakeFiles/solution.dir/build.make:76: CMakeFiles/solution.dir/src/solution.cpp.o] Error 1
[9.428s] gmake[1]: *** [CMakeFiles/Makefile2:139: CMakeFiles/solution.dir/all] Error 2
[9.428s] gmake: *** [Makefile:146: all] Error 2
[9.430s] Invoked command in '/home/theda/dev_ws/src/autoronto_interview/build/autoronto_interview' returned '2': CMAKE_PREFIX_PATH=${CMAKE_PREFIX_PATH}:/opt/ros/humble /usr/bin/cmake --build /home/theda/dev_ws/src/autoronto_interview/build/autoronto_interview -- -j4 -l4
