[0.020s] Invoking command in '/home/theda/dev_ws/src/autoronto_interview/build/autoronto_interview': CMAKE_PREFIX_PATH=/opt/ros/humble /usr/bin/cmake --build /home/theda/dev_ws/src/autoronto_interview/build/autoronto_interview -- -j4 -l4
[0.069s] -- Found ament_cmake: 1.3.2 (/opt/ros/humble/share/ament_cmake/cmake)
[0.384s] -- Found rclcpp: 16.0.1 (/opt/ros/humble/share/rclcpp/cmake)
[0.641s] -- Found rosidl_generator_c: 3.1.3 (/opt/ros/humble/share/rosidl_generator_c/cmake)
[0.652s] -- Found rosidl_adapter: 3.1.3 (/opt/ros/humble/share/rosidl_adapter/cmake)
[0.679s] -- Found rosidl_generator_cpp: 3.1.3 (/opt/ros/humble/share/rosidl_generator_cpp/cmake)
[0.724s] -- Using all available rosidl_typesupport_c: rosidl_typesupport_fastrtps_c;rosidl_typesupport_introspection_c
[0.787s] -- Using all available rosidl_typesupport_cpp: rosidl_typesupport_fastrtps_cpp;rosidl_typesupport_introspection_cpp
[0.921s] -- Found rmw_implementation_cmake: 6.1.0 (/opt/ros/humble/share/rmw_implementation_cmake/cmake)
[0.930s] -- Found rmw_fastrtps_cpp: 6.2.1 (/opt/ros/humble/share/rmw_fastrtps_cpp/cmake)
[6.262s] -- Using RMW implementation 'rmw_fastrtps_cpp' as default
[6.564s] -- Found ament_lint_auto: 0.12.4 (/opt/ros/humble/share/ament_lint_auto/cmake)
[6.706s] -- Added test 'cppcheck' to perform static code analysis on C / C++ code
[6.706s] -- Configured cppcheck include dirs: 
[6.706s] -- Configured cppcheck exclude dirs and/or files: 
[6.709s] -- Added test 'flake8' to check Python code syntax and style conventions
[6.713s] -- Added test 'lint_cmake' to check CMake code style
[6.716s] -- Added test 'pep257' to check Python code against some of the docstring style conventions in PEP 257
[6.735s] -- Added test 'uncrustify' to check C / C++ code style
[6.735s] -- Configured uncrustify additional arguments: 
[6.738s] -- Added test 'xmllint' to check XML markup files
[6.743s] -- Configuring done
[6.768s] -- Generating done
[6.772s] -- Build files have been written to: /home/theda/dev_ws/src/autoronto_interview/build/autoronto_interview
[6.795s] [35m[1mConsolidate compiler generated dependencies of target solution[0m
[6.806s] [ 25%] [32mBuilding CXX object CMakeFiles/davidchus_test.dir/src/test.cpp.o[0m
[6.815s] [ 75%] Built target solution
[9.964s] [01m[K/home/theda/dev_ws/src/autoronto_interview/src/test.cpp:54:41:[m[K [01;31m[Kerror: [m[Kâ€˜[01m[KInt8MultiArray[m[Kâ€™ is not a member of â€˜[01m[Kstd_msgs::msg[m[Kâ€™
[9.965s]    54 |     rclcpp::Subscription<std_msgs::msg::[01;31m[KInt8MultiArray[m[K>::SharedPtr input_publisher_;
[9.965s]       |                                         [01;31m[K^~~~~~~~~~~~~~[m[K
[9.965s] [01m[K/home/theda/dev_ws/src/autoronto_interview/src/test.cpp:54:55:[m[K [01;31m[Kerror: [m[Ktemplate argument 1 is invalid
[9.965s]    54 |     rclcpp::Subscription<std_msgs::msg::Int8MultiArray[01;31m[K>[m[K::SharedPtr input_publisher_;
[9.966s]       |                                                       [01;31m[K^[m[K
[9.966s] [01m[K/home/theda/dev_ws/src/autoronto_interview/src/test.cpp:54:55:[m[K [01;31m[Kerror: [m[Ktemplate argument 3 is invalid
[9.966s] [01m[K/home/theda/dev_ws/src/autoronto_interview/src/test.cpp:54:55:[m[K [01;31m[Kerror: [m[Ktemplate argument 4 is invalid
[9.966s] [01m[K/home/theda/dev_ws/src/autoronto_interview/src/test.cpp:54:55:[m[K [01;31m[Kerror: [m[Ktemplate argument 5 is invalid
[9.967s] [01m[K/home/theda/dev_ws/src/autoronto_interview/src/test.cpp:54:58:[m[K [01;31m[Kerror: [m[Kexpected â€˜[01m[K;[m[Kâ€™ at end of member declaration
[9.967s]    54 |     rclcpp::Subscription<std_msgs::msg::Int8MultiArray>::[01;31m[KSharedPtr[m[K input_publisher_;
[9.967s]       |                                                          [01;31m[K^~~~~~~~~[m[K
[9.967s]       |                                                                   [32m[K;[m[K
[9.970s] [01m[K/home/theda/dev_ws/src/autoronto_interview/src/test.cpp:54:68:[m[K [01;31m[Kerror: [m[Kâ€˜[01m[Kinput_publisher_[m[Kâ€™ does not name a type
[9.970s]    54 |     rclcpp::Subscription<std_msgs::msg::Int8MultiArray>::SharedPtr [01;31m[Kinput_publisher_[m[K;
[9.970s]       |                                                                    [01;31m[K^~~~~~~~~~~~~~~~[m[K
[10.068s] [01m[K/home/theda/dev_ws/src/autoronto_interview/src/test.cpp:56:2:[m[K [01;31m[Kerror: [m[Kexpected â€˜[01m[K;[m[Kâ€™ after class definition
[10.068s]    56 | }
[10.068s]       |  [01;31m[K^[m[K
[10.068s]       |  [32m[K;[m[K
[10.079s] [01m[K/home/theda/dev_ws/src/autoronto_interview/src/test.cpp:[m[K In constructor â€˜[01m[KTest::Test()[m[Kâ€™:
[10.080s] [01m[K/home/theda/dev_ws/src/autoronto_interview/src/test.cpp:21:9:[m[K [01;31m[Kerror: [m[Kâ€˜[01m[Kinput_publisher_[m[Kâ€™ was not declared in this scope; did you mean â€˜[01m[Ktarget_publisher_[m[Kâ€™?
[10.080s]    21 |         [01;31m[Kinput_publisher_[m[K = this->create_publisher<std_msgs::msg::Int8MultiArray>("/input", 10);
[10.080s]       |         [01;31m[K^~~~~~~~~~~~~~~~[m[K
[10.081s]       |         [32m[Ktarget_publisher_[m[K
[10.081s] [01m[K/home/theda/dev_ws/src/autoronto_interview/src/test.cpp:21:66:[m[K [01;31m[Kerror: [m[Kâ€˜[01m[KInt8MultiArray[m[Kâ€™ is not a member of â€˜[01m[Kstd_msgs::msg[m[Kâ€™
[10.081s]    21 |         input_publisher_ = this->create_publisher<std_msgs::msg::[01;31m[KInt8MultiArray[m[K>("/input", 10);
[10.081s]       |                                                                  [01;31m[K^~~~~~~~~~~~~~[m[K
[10.081s] [01m[K/home/theda/dev_ws/src/autoronto_interview/src/test.cpp:21:81:[m[K [01;31m[Kerror: [m[Kno matching function for call to â€˜[01m[KTest::create_publisher<<expression error> >(const char [7], int)[m[Kâ€™
[10.082s]    21 |         input_publisher_ = [01;31m[Kthis->create_publisher<std_msgs::msg::Int8MultiArray>("/input", 10)[m[K;
[10.082s]       |                            [01;31m[K~~~~~~~~~~~~~~~~~~~~~~~~~~~~~~~~~~~~~~~~~~~~~~~~~~~~~^~~~~~~~~~~~~~[m[K
[10.082s] In file included from [01m[K/opt/ros/humble/include/rclcpp/rclcpp/executors/single_threaded_executor.hpp:28[m[K,
[10.082s]                  from [01m[K/opt/ros/humble/include/rclcpp/rclcpp/executors.hpp:22[m[K,
[10.082s]                  from [01m[K/opt/ros/humble/include/rclcpp/rclcpp/rclcpp.hpp:155[m[K,
[10.082s]                  from [01m[K/home/theda/dev_ws/src/autoronto_interview/src/test.cpp:10[m[K:
[10.083s] [01m[K/opt/ros/humble/include/rclcpp/rclcpp/node.hpp:195:3:[m[K [01;36m[Knote: [m[Kcandidate: â€˜[01m[Ktemplate<class MessageT, class AllocatorT, class PublisherT> std::shared_ptr<PublisherT> rclcpp::Node::create_publisher(const string&, const rclcpp::QoS&, const rclcpp::PublisherOptionsWithAllocator<AllocatorT>&)[m[Kâ€™
[10.083s]   195 |   [01;36m[Kcreate_publisher[m[K(
[10.083s]       |   [01;36m[K^~~~~~~~~~~~~~~~[m[K
[10.083s] [01m[K/opt/ros/humble/include/rclcpp/rclcpp/node.hpp:195:3:[m[K [01;36m[Knote: [m[K  template argument deduction/substitution failed:
[10.083s] [01m[K/home/theda/dev_ws/src/autoronto_interview/src/test.cpp:21:81:[m[K [01;31m[Kerror: [m[Ktemplate argument 1 is invalid
[10.083s]    21 |         input_publisher_ = [01;31m[Kthis->create_publisher<std_msgs::msg::Int8MultiArray>("/input", 10)[m[K;
[10.084s]       |                            [01;31m[K~~~~~~~~~~~~~~~~~~~~~~~~~~~~~~~~~~~~~~~~~~~~~~~~~~~~~^~~~~~~~~~~~~~[m[K
[10.092s] [01m[K/home/theda/dev_ws/src/autoronto_interview/src/test.cpp:22:86:[m[K [01;31m[Kerror: [m[Kno match for â€˜[01m[Koperator=[m[Kâ€™ (operand types are â€˜[01m[Krclcpp::Subscription<std_msgs::msg::Int8_<std::allocator<void> > >::SharedPtr[m[Kâ€™ {aka â€˜[01m[Kstd::shared_ptr<rclcpp::Subscription<std_msgs::msg::Int8_<std::allocator<void> > > >[m[Kâ€™} and â€˜[01m[Kstd::shared_ptr<rclcpp::Publisher<std_msgs::msg::Int8_<std::allocator<void> >, std::allocator<void> > >[m[Kâ€™)
[10.092s]    22 |         target_publisher_ = this->create_publisher<std_msgs::msg::Int8>("/target", 10[01;31m[K)[m[K;
[10.092s]       |                                                                                      [01;31m[K^[m[K
[10.093s] In file included from [01m[K/usr/include/c++/11/memory:77[m[K,
[10.093s]                  from [01m[K/home/theda/dev_ws/src/autoronto_interview/src/test.cpp:7[m[K:
[10.094s] [01m[K/usr/include/c++/11/bits/shared_ptr.h:363:9:[m[K [01;36m[Knote: [m[Kcandidate: â€˜[01m[Ktemplate<class _Yp> std::shared_ptr<_Tp>::_Assignable<const std::shared_ptr<_Yp>&> std::shared_ptr<_Tp>::operator=(const std::shared_ptr<_Yp>&) [with _Yp = _Yp; _Tp = rclcpp::Subscription<std_msgs::msg::Int8_<std::allocator<void> > >][m[Kâ€™
[10.094s]   363 |         [01;36m[Koperator[m[K=(const shared_ptr<_Yp>& __r) noexcept
[10.094s]       |         [01;36m[K^~~~~~~~[m[K
[10.094s] [01m[K/usr/include/c++/11/bits/shared_ptr.h:363:9:[m[K [01;36m[Knote: [m[K  template argument deduction/substitution failed:
[10.094s] /usr/include/c++/11/bits/shared_ptr.h: In substitution of â€˜[01m[Ktemplate<class _Tp> template<class _Arg> using _Assignable = typename std::enable_if<std::is_assignable<std::__shared_ptr<_Tp>&, _Arg>::value, std::shared_ptr<_Tp>&>::type [with _Arg = const std::shared_ptr<rclcpp::Publisher<std_msgs::msg::Int8_<std::allocator<void> >, std::allocator<void> > >&; _Tp = rclcpp::Subscription<std_msgs::msg::Int8_<std::allocator<void> > >][m[Kâ€™:
[10.095s] [01m[K/usr/include/c++/11/bits/shared_ptr.h:363:2:[m[K   required by substitution of â€˜[01m[Ktemplate<class _Yp> std::shared_ptr<rclcpp::Subscription<std_msgs::msg::Int8_<std::allocator<void> > > >::_Assignable<const std::shared_ptr<_Tp>&> std::shared_ptr<rclcpp::Subscription<std_msgs::msg::Int8_<std::allocator<void> > > >::operator=<_Yp>(const std::shared_ptr<_Tp>&) [with _Yp = rclcpp::Publisher<std_msgs::msg::Int8_<std::allocator<void> >, std::allocator<void> >][m[Kâ€™
[10.095s] [01m[K/home/theda/dev_ws/src/autoronto_interview/src/test.cpp:22:86:[m[K   required from here
[10.095s] [01m[K/usr/include/c++/11/bits/shared_ptr.h:130:15:[m[K [01;31m[Kerror: [m[Kno type named â€˜[01m[Ktype[m[Kâ€™ in â€˜[01m[Kstruct std::enable_if<false, std::shared_ptr<rclcpp::Subscription<std_msgs::msg::Int8_<std::allocator<void> > > >&>[m[Kâ€™
[10.095s]   130 |         using [01;31m[K_Assignable[m[K = typename enable_if<
[10.096s]       |               [01;31m[K^~~~~~~~~~~[m[K
[10.096s] [01m[K/usr/include/c++/11/bits/shared_ptr.h:374:9:[m[K [01;36m[Knote: [m[Kcandidate: â€˜[01m[Ktemplate<class _Yp> std::shared_ptr<_Tp>::_Assignable<std::auto_ptr<_Up> > std::shared_ptr<_Tp>::operator=(std::auto_ptr<_Up>&&) [with _Yp = _Yp; _Tp = rclcpp::Subscription<std_msgs::msg::Int8_<std::allocator<void> > >][m[Kâ€™
[10.096s]   374 |         [01;36m[Koperator[m[K=(auto_ptr<_Yp>&& __r)
[10.096s]       |         [01;36m[K^~~~~~~~[m[K
[10.097s] [01m[K/usr/include/c++/11/bits/shared_ptr.h:374:9:[m[K [01;36m[Knote: [m[K  template argument deduction/substitution failed:
[10.097s] [01m[K/home/theda/dev_ws/src/autoronto_interview/src/test.cpp:22:86:[m[K [01;36m[Knote: [m[K  â€˜[01m[Kstd::shared_ptr<rclcpp::Publisher<std_msgs::msg::Int8_<std::allocator<void> >, std::allocator<void> > >[m[Kâ€™ is not derived from â€˜[01m[Kstd::auto_ptr<_Up>[m[Kâ€™
[10.097s]    22 |         target_publisher_ = this->create_publisher<std_msgs::msg::Int8>("/target", 10[01;36m[K)[m[K;
[10.097s]       |                                                                                      [01;36m[K^[m[K
[10.097s] In file included from [01m[K/usr/include/c++/11/memory:77[m[K,
[10.098s]                  from [01m[K/home/theda/dev_ws/src/autoronto_interview/src/test.cpp:7[m[K:
[10.098s] [01m[K/usr/include/c++/11/bits/shared_ptr.h:391:9:[m[K [01;36m[Knote: [m[Kcandidate: â€˜[01m[Ktemplate<class _Yp> std::shared_ptr<_Tp>::_Assignable<std::shared_ptr<_Yp> > std::shared_ptr<_Tp>::operator=(std::shared_ptr<_Yp>&&) [with _Yp = _Yp; _Tp = rclcpp::Subscription<std_msgs::msg::Int8_<std::allocator<void> > >][m[Kâ€™
[10.098s]   391 |         [01;36m[Koperator[m[K=(shared_ptr<_Yp>&& __r) noexcept
[10.098s]       |         [01;36m[K^~~~~~~~[m[K
[10.099s] [01m[K/usr/include/c++/11/bits/shared_ptr.h:391:9:[m[K [01;36m[Knote: [m[K  template argument deduction/substitution failed:
[10.099s] /usr/include/c++/11/bits/shared_ptr.h: In substitution of â€˜[01m[Ktemplate<class _Tp> template<class _Arg> using _Assignable = typename std::enable_if<std::is_assignable<std::__shared_ptr<_Tp>&, _Arg>::value, std::shared_ptr<_Tp>&>::type [with _Arg = std::shared_ptr<rclcpp::Publisher<std_msgs::msg::Int8_<std::allocator<void> >, std::allocator<void> > >; _Tp = rclcpp::Subscription<std_msgs::msg::Int8_<std::allocator<void> > >][m[Kâ€™:
[10.099s] [01m[K/usr/include/c++/11/bits/shared_ptr.h:391:2:[m[K   required by substitution of â€˜[01m[Ktemplate<class _Yp> std::shared_ptr<rclcpp::Subscription<std_msgs::msg::Int8_<std::allocator<void> > > >::_Assignable<std::shared_ptr<_Tp> > std::shared_ptr<rclcpp::Subscription<std_msgs::msg::Int8_<std::allocator<void> > > >::operator=<_Yp>(std::shared_ptr<_Tp>&&) [with _Yp = rclcpp::Publisher<std_msgs::msg::Int8_<std::allocator<void> >, std::allocator<void> >][m[Kâ€™
[10.100s] [01m[K/home/theda/dev_ws/src/autoronto_interview/src/test.cpp:22:86:[m[K   required from here
[10.100s] [01m[K/usr/include/c++/11/bits/shared_ptr.h:130:15:[m[K [01;31m[Kerror: [m[Kno type named â€˜[01m[Ktype[m[Kâ€™ in â€˜[01m[Kstruct std::enable_if<false, std::shared_ptr<rclcpp::Subscription<std_msgs::msg::Int8_<std::allocator<void> > > >&>[m[Kâ€™
[10.100s]   130 |         using [01;31m[K_Assignable[m[K = typename enable_if<
[10.100s]       |               [01;31m[K^~~~~~~~~~~[m[K
[10.100s] [01m[K/usr/include/c++/11/bits/shared_ptr.h:399:9:[m[K [01;36m[Knote: [m[Kcandidate: â€˜[01m[Ktemplate<class _Yp, class _Del> std::shared_ptr<_Tp>::_Assignable<std::unique_ptr<_Up, _Ep> > std::shared_ptr<_Tp>::operator=(std::unique_ptr<_Up, _Ep>&&) [with _Yp = _Yp; _Del = _Del; _Tp = rclcpp::Subscription<std_msgs::msg::Int8_<std::allocator<void> > >][m[Kâ€™
[10.101s]   399 |         [01;36m[Koperator[m[K=(unique_ptr<_Yp, _Del>&& __r)
[10.101s]       |         [01;36m[K^~~~~~~~[m[K
[10.101s] [01m[K/usr/include/c++/11/bits/shared_ptr.h:399:9:[m[K [01;36m[Knote: [m[K  template argument deduction/substitution failed:
[10.101s] [01m[K/home/theda/dev_ws/src/autoronto_interview/src/test.cpp:22:86:[m[K [01;36m[Knote: [m[K  â€˜[01m[Kstd::shared_ptr<rclcpp::Publisher<std_msgs::msg::Int8_<std::allocator<void> >, std::allocator<void> > >[m[Kâ€™ is not derived from â€˜[01m[Kstd::unique_ptr<_Tp, _Dp>[m[Kâ€™
[10.101s]    22 |         target_publisher_ = this->create_publisher<std_msgs::msg::Int8>("/target", 10[01;36m[K)[m[K;
[10.102s]       |                                                                                      [01;36m[K^[m[K
[10.103s] In file included from [01m[K/usr/include/c++/11/memory:77[m[K,
[10.103s]                  from [01m[K/home/theda/dev_ws/src/autoronto_interview/src/test.cpp:7[m[K:
[10.105s] [01m[K/usr/include/c++/11/bits/shared_ptr.h:359:19:[m[K [01;36m[Knote: [m[Kcandidate: â€˜[01m[Kstd::shared_ptr<_Tp>& std::shared_ptr<_Tp>::operator=(const std::shared_ptr<_Tp>&) [with _Tp = rclcpp::Subscription<std_msgs::msg::Int8_<std::allocator<void> > >][m[Kâ€™
[10.105s]   359 |       shared_ptr& [01;36m[Koperator[m[K=(const shared_ptr&) noexcept = default;
[10.106s]       |                   [01;36m[K^~~~~~~~[m[K
[10.106s] [01m[K/usr/include/c++/11/bits/shared_ptr.h:359:29:[m[K [01;36m[Knote: [m[K  no known conversion for argument 1 from â€˜[01m[Kstd::shared_ptr<rclcpp::Publisher<std_msgs::msg::Int8_<std::allocator<void> >, std::allocator<void> > >[m[Kâ€™ to â€˜[01m[Kconst std::shared_ptr<rclcpp::Subscription<std_msgs::msg::Int8_<std::allocator<void> > > >&[m[Kâ€™
[10.107s]   359 |       shared_ptr& operator=([01;36m[Kconst shared_ptr&[m[K) noexcept = default;
[10.107s]       |                             [01;36m[K^~~~~~~~~~~~~~~~~[m[K
[10.107s] [01m[K/usr/include/c++/11/bits/shared_ptr.h:383:7:[m[K [01;36m[Knote: [m[Kcandidate: â€˜[01m[Kstd::shared_ptr<_Tp>& std::shared_ptr<_Tp>::operator=(std::shared_ptr<_Tp>&&) [with _Tp = rclcpp::Subscription<std_msgs::msg::Int8_<std::allocator<void> > >][m[Kâ€™
[10.108s]   383 |       [01;36m[Koperator[m[K=(shared_ptr&& __r) noexcept
[10.108s]       |       [01;36m[K^~~~~~~~[m[K
[10.108s] [01m[K/usr/include/c++/11/bits/shared_ptr.h:383:30:[m[K [01;36m[Knote: [m[K  no known conversion for argument 1 from â€˜[01m[Kstd::shared_ptr<rclcpp::Publisher<std_msgs::msg::Int8_<std::allocator<void> >, std::allocator<void> > >[m[Kâ€™ to â€˜[01m[Kstd::shared_ptr<rclcpp::Subscription<std_msgs::msg::Int8_<std::allocator<void> > > >&&[m[Kâ€™
[10.108s]   383 |       operator=([01;36m[Kshared_ptr&& __r[m[K) noexcept
[10.108s]       |                 [01;36m[K~~~~~~~~~~~~~^~~[m[K
[10.109s] [01m[K/home/theda/dev_ws/src/autoronto_interview/src/test.cpp:23:9:[m[K [01;31m[Kerror: [m[Kâ€˜[01m[Ktimer_[m[Kâ€™ was not declared in this scope; did you mean â€˜[01m[Ktimer_t[m[Kâ€™?
[10.109s]    23 |         [01;31m[Ktimer_[m[K = this->create_wall_timer(
[10.109s]       |         [01;31m[K^~~~~~[m[K
[10.110s]       |         [32m[Ktimer_t[m[K
[10.110s] [01m[K/home/theda/dev_ws/src/autoronto_interview/src/test.cpp:24:13:[m[K [01;31m[Kerror: [m[Kunable to find numeric literal operator â€˜[01m[Koperator""ms[m[Kâ€™
[10.110s]    24 |             [01;31m[K1000ms[m[K, std::bind(&Test::timer_callback, this));
[10.110s]       |             [01;31m[K^~~~~~[m[K
[10.113s] [01m[K/home/theda/dev_ws/src/autoronto_interview/src/test.cpp:[m[K In member function â€˜[01m[Kvoid Test::timer_callback()[m[Kâ€™:
[10.113s] [01m[K/home/theda/dev_ws/src/autoronto_interview/src/test.cpp:30:30:[m[K [01;31m[Kerror: [m[Kcannot convert â€˜[01m[Kstd::size_t[m[Kâ€™ {aka â€˜[01m[Klong unsigned int[m[Kâ€™} to â€˜[01m[Kstd::vector<signed char>[m[Kâ€™
[10.113s]    30 |         input_timer_callback([01;31m[Kiteration[m[K);
[10.113s]       |                              [01;31m[K^~~~~~~~~[m[K
[10.114s]       |                              [01;31m[K|[m[K
[10.114s]       |                              [01;31m[Kstd::size_t {aka long unsigned int}[m[K
[10.114s] [01m[K/home/theda/dev_ws/src/autoronto_interview/src/test.cpp:37:62:[m[K [01;36m[Knote: [m[K  initializing argument 1 of â€˜[01m[Kvoid Test::input_timer_callback(std::vector<signed char>)[m[Kâ€™
[10.114s]    37 |     void input_timer_callback([01;36m[Kconst std::vector<std::int8_t> input_vec[m[K) {
[10.114s]       |                               [01;36m[K~~~~~~~~~~~~~~~~~~~~~~~~~~~~~~~^~~~~~~~~[m[K
[10.115s] [01m[K/home/theda/dev_ws/src/autoronto_interview/src/test.cpp:[m[K In member function â€˜[01m[Kvoid Test::input_timer_callback(std::vector<signed char>)[m[Kâ€™:
[10.115s] [01m[K/home/theda/dev_ws/src/autoronto_interview/src/test.cpp:38:37:[m[K [01;31m[Kerror: [m[Kâ€˜[01m[KInt8MultiArray[m[Kâ€™ is not a member of â€˜[01m[Kstd_msgs::msg[m[Kâ€™
[10.115s]    38 |         auto input = std_msgs::msg::[01;31m[KInt8MultiArray[m[K();
[10.115s]       |                                     [01;31m[K^~~~~~~~~~~~~~[m[K
[10.123s] [01m[K/home/theda/dev_ws/src/autoronto_interview/src/test.cpp:42:9:[m[K [01;31m[Kerror: [m[Kâ€˜[01m[Kinput_publisher_[m[Kâ€™ was not declared in this scope; did you mean â€˜[01m[Ktarget_publisher_[m[Kâ€™?
[10.124s]    42 |         [01;31m[Kinput_publisher_[m[K->publish(input);
[10.124s]       |         [01;31m[K^~~~~~~~~~~~~~~~[m[K
[10.124s]       |         [32m[Ktarget_publisher_[m[K
[10.125s] [01m[K/home/theda/dev_ws/src/autoronto_interview/src/test.cpp:[m[K In member function â€˜[01m[Kvoid Test::target_timer_callback(int8_t)[m[Kâ€™:
[10.125s] [01m[K/home/theda/dev_ws/src/autoronto_interview/src/test.cpp:51:28:[m[K [01;31m[Kerror: [m[Kâ€˜[01m[Kusing element_type = class rclcpp::Subscription<std_msgs::msg::Int8_<std::allocator<void> > >[m[Kâ€™ {aka â€˜[01m[Kclass rclcpp::Subscription<std_msgs::msg::Int8_<std::allocator<void> > >[m[Kâ€™} has no member named â€˜[01m[Kpublish[m[Kâ€™
[10.125s]    51 |         target_publisher_->[01;31m[Kpublish[m[K(target);
[10.126s]       |                            [01;31m[K^~~~~~~[m[K
[11.245s] gmake[2]: *** [CMakeFiles/davidchus_test.dir/build.make:76: CMakeFiles/davidchus_test.dir/src/test.cpp.o] Error 1
[11.246s] gmake[1]: *** [CMakeFiles/Makefile2:165: CMakeFiles/davidchus_test.dir/all] Error 2
[11.246s] gmake: *** [Makefile:146: all] Error 2
[11.249s] Invoked command in '/home/theda/dev_ws/src/autoronto_interview/build/autoronto_interview' returned '2': CMAKE_PREFIX_PATH=/opt/ros/humble /usr/bin/cmake --build /home/theda/dev_ws/src/autoronto_interview/build/autoronto_interview -- -j4 -l4
