[0.055s] Invoking command in '/home/theda/dev_ws/src/autoronto_interview/build/autoronto_interview': CMAKE_PREFIX_PATH=/opt/ros/humble /usr/bin/cmake --build /home/theda/dev_ws/src/autoronto_interview/build/autoronto_interview -- -j4 -l4
[0.283s] [35m[1mConsolidate compiler generated dependencies of target solution[0m
[0.338s] [ 50%] [32mBuilding CXX object CMakeFiles/solution.dir/src/solution.cpp.o[0m
[0.897s] [01m[K/home/theda/dev_ws/src/autoronto_interview/src/solution.cpp:48:71:[m[K [01;31m[Kerror: [m[Kmacro "assert" passed 3 arguments, but takes just 1
[0.897s]    48 |                 ivec2str(input_).c_str(), ivec2str(input.data).c_str()[01;31m[K)[m[K;
[0.897s]       |                                                                       [01;31m[K^[m[K
[0.897s] In file included from [01m[K/usr/include/c++/11/cassert:44[m[K,
[0.898s]                  from [01m[K/home/theda/dev_ws/src/autoronto_interview/src/ivec2str.hpp:4[m[K,
[0.898s]                  from [01m[K/home/theda/dev_ws/src/autoronto_interview/src/solution.cpp:15[m[K:
[0.898s] [01m[K/usr/include/assert.h:92:[m[K [01;36m[Knote: [m[Kmacro "assert" defined here
[0.899s]    92 | #  define assert(expr)                                                  \
[0.899s]       | 
[0.899s] [01m[K/home/theda/dev_ws/src/autoronto_interview/src/solution.cpp:57:28:[m[K [01;31m[Kerror: [m[Kmacro "assert" passed 3 arguments, but takes just 1
[0.899s]    57 |                 target.data[01;31m[K)[m[K;
[0.900s]       |                            [01;31m[K^[m[K
[0.900s] In file included from [01m[K/usr/include/c++/11/cassert:44[m[K,
[0.900s]                  from [01m[K/home/theda/dev_ws/src/autoronto_interview/src/ivec2str.hpp:4[m[K,
[0.901s]                  from [01m[K/home/theda/dev_ws/src/autoronto_interview/src/solution.cpp:15[m[K:
[0.901s] [01m[K/usr/include/assert.h:92:[m[K [01;36m[Knote: [m[Kmacro "assert" defined here
[0.901s]    92 | #  define assert(expr)                                                  \
[0.902s]       | 
[4.817s] In file included from [01m[K/opt/ros/humble/include/rclcpp/rclcpp/logging.hpp:24[m[K,
[4.818s]                  from [01m[K/opt/ros/humble/include/rclcpp/rclcpp/client.hpp:40[m[K,
[4.818s]                  from [01m[K/opt/ros/humble/include/rclcpp/rclcpp/callback_group.hpp:23[m[K,
[4.818s]                  from [01m[K/opt/ros/humble/include/rclcpp/rclcpp/any_executable.hpp:20[m[K,
[4.819s]                  from [01m[K/opt/ros/humble/include/rclcpp/rclcpp/memory_strategy.hpp:25[m[K,
[4.819s]                  from [01m[K/opt/ros/humble/include/rclcpp/rclcpp/memory_strategies.hpp:18[m[K,
[4.819s]                  from [01m[K/opt/ros/humble/include/rclcpp/rclcpp/executor_options.hpp:20[m[K,
[4.819s]                  from [01m[K/opt/ros/humble/include/rclcpp/rclcpp/executor.hpp:37[m[K,
[4.819s]                  from [01m[K/opt/ros/humble/include/rclcpp/rclcpp/executors/multi_threaded_executor.hpp:25[m[K,
[4.819s]                  from [01m[K/opt/ros/humble/include/rclcpp/rclcpp/executors.hpp:21[m[K,
[4.819s]                  from [01m[K/opt/ros/humble/include/rclcpp/rclcpp/rclcpp.hpp:155[m[K,
[4.819s]                  from [01m[K/home/theda/dev_ws/src/autoronto_interview/src/solution.cpp:10[m[K:
[4.819s] [01m[K/home/theda/dev_ws/src/autoronto_interview/src/solution.cpp:[m[K In member function â€˜[01m[Kvoid Solution::input_callback(const Int8MultiArray&)[m[Kâ€™:
[4.819s] [01m[K/home/theda/dev_ws/src/autoronto_interview/src/solution.cpp:46:32:[m[K [01;31m[Kerror: [m[Kbinding reference of type â€˜[01m[Kstd::vector<signed char, std::allocator<signed char> >&[m[Kâ€™ to â€˜[01m[Kconst _data_type[m[Kâ€™ {aka â€˜[01m[Kconst std::vector<signed char, std::allocator<signed char> >[m[Kâ€™} discards qualifiers
[4.820s]    46 |                 ivec2str([01;31m[Kinput.data[m[K).c_str());
[4.820s]       |                          [01;31m[K~~~~~~^~~~[m[K
[4.820s] In file included from [01m[K/home/theda/dev_ws/src/autoronto_interview/src/solution.cpp:15[m[K:
[4.820s] [01m[K/home/theda/dev_ws/src/autoronto_interview/src/ivec2str.hpp:11:48:[m[K [01;36m[Knote: [m[K  initializing argument 1 of â€˜[01m[Kstd::string ivec2str(std::vector<signed char, std::allocator<signed char> >&)[m[Kâ€™
[4.820s]    11 | std::string ivec2str([01;36m[Kstd::vector<std::int8_t> &input[m[K) {
[4.820s]       |                      [01;36m[K~~~~~~~~~~~~~~~~~~~~~~~~~~^~~~~[m[K
[4.821s] [01m[K/home/theda/dev_ws/src/autoronto_interview/src/solution.cpp:47:9:[m[K [01;31m[Kerror: [m[Kâ€˜[01m[Kassert[m[Kâ€™ was not declared in this scope
[4.821s]    47 |         [01;31m[Kassert[m[K(!input_is_valid_ && "clobbering input %s with %s!",
[4.821s]       |         [01;31m[K^~~~~~[m[K
[4.822s] [01m[K/home/theda/dev_ws/src/autoronto_interview/src/solution.cpp:16:1:[m[K [01;36m[Knote: [m[Kâ€˜[01m[Kassert[m[Kâ€™ is defined in header â€˜[01m[K<cassert>[m[Kâ€™; did you forget to â€˜[01m[K#include <cassert>[m[Kâ€™?
[4.822s]    15 | #include "ivec2str.hpp"
[4.822s]   +++ |+[32m[K#include <cassert>[m[K
[4.822s]    16 | 
[4.823s] [01m[K/home/theda/dev_ws/src/autoronto_interview/src/solution.cpp:[m[K In member function â€˜[01m[Kvoid Solution::target_callback(const Int8&)[m[Kâ€™:
[4.823s] [01m[K/home/theda/dev_ws/src/autoronto_interview/src/solution.cpp:56:9:[m[K [01;31m[Kerror: [m[Kâ€˜[01m[Kassert[m[Kâ€™ was not declared in this scope
[4.823s]    56 |         [01;31m[Kassert[m[K(!target_is_valid_ && "clobbering target %d with %d!", target_,
[4.825s]       |         [01;31m[K^~~~~~[m[K
[4.826s] [01m[K/home/theda/dev_ws/src/autoronto_interview/src/solution.cpp:56:9:[m[K [01;36m[Knote: [m[Kâ€˜[01m[Kassert[m[Kâ€™ is defined in header â€˜[01m[K<cassert>[m[Kâ€™; did you forget to â€˜[01m[K#include <cassert>[m[Kâ€™?
[10.612s] gmake[2]: *** [CMakeFiles/solution.dir/build.make:76: CMakeFiles/solution.dir/src/solution.cpp.o] Error 1
[10.612s] gmake[1]: *** [CMakeFiles/Makefile2:137: CMakeFiles/solution.dir/all] Error 2
[10.613s] gmake: *** [Makefile:146: all] Error 2
[10.615s] Invoked command in '/home/theda/dev_ws/src/autoronto_interview/build/autoronto_interview' returned '2': CMAKE_PREFIX_PATH=/opt/ros/humble /usr/bin/cmake --build /home/theda/dev_ws/src/autoronto_interview/build/autoronto_interview -- -j4 -l4
