[35m[1mConsolidate compiler generated dependencies of target davidchus_test[0m
[35m[1mConsolidate compiler generated dependencies of target solution[0m
[ 25%] [32mBuilding CXX object CMakeFiles/davidchus_test.dir/src/test.cpp.o[0m
[ 50%] [32mBuilding CXX object CMakeFiles/solution.dir/src/solution.cpp.o[0m
[01m[K/home/theda/dev_ws/src/autoronto_interview/src/test.cpp:[m[K In member function â€˜[01m[Kvoid Test::solution_callback(const Int8MultiArray&)[m[Kâ€™:
[01m[K/home/theda/dev_ws/src/autoronto_interview/src/test.cpp:62:71:[m[K [01;31m[Kerror: [m[Kbinding reference of type â€˜[01m[Kstd::vector<signed char, std::allocator<signed char> >&[m[Kâ€™ to â€˜[01m[Kconst std::vector<signed char, std::allocator<signed char> >[m[Kâ€™ discards qualifiers
   62 |         test_case_find_indices_input(data_[iteration_ % data_.size()].first,
In file included from [01m[K/home/theda/dev_ws/src/autoronto_interview/src/test.cpp:14[m[K:
[01m[K/home/theda/dev_ws/src/autoronto_interview/src/find_indices.hpp:50:61:[m[K [01;36m[Knote: [m[K  initializing argument 1 of â€˜[01m[Kvoid test_case_find_indices_input(std::vector<signed char, std::allocator<signed char> >&, int8_t, std::vector<signed char, std::allocator<signed char> >)[m[Kâ€™
   50 | void test_case_find_indices_input([01;36m[Kstd::vector<std::int8_t> &input[m[K, std::int8_t target,
      |                                   [01;36m[K~~~~~~~~~~~~~~~~~~~~~~~~~~^~~~~[m[K
gmake[2]: *** [CMakeFiles/davidchus_test.dir/build.make:76: CMakeFiles/davidchus_test.dir/src/test.cpp.o] Error 1
gmake[1]: *** [CMakeFiles/Makefile2:165: CMakeFiles/davidchus_test.dir/all] Error 2
gmake[1]: *** Waiting for unfinished jobs....
[ 75%] [32m[1mLinking CXX executable solution[0m
[ 75%] Built target solution
gmake: *** [Makefile:146: all] Error 2
