[0.033s] Invoking command in '/home/theda/dev_ws/src/autoronto_interview/build/autoronto_interview': CMAKE_PREFIX_PATH=${CMAKE_PREFIX_PATH}:/opt/ros/humble /usr/bin/cmake --build /home/theda/dev_ws/src/autoronto_interview/build/autoronto_interview -- -j4 -l4
[0.073s] [35m[1mConsolidate compiler generated dependencies of target davidchus_test[0m
[0.074s] [35m[1mConsolidate compiler generated dependencies of target solution[0m
[0.098s] [ 25%] [32mBuilding CXX object CMakeFiles/davidchus_test.dir/src/test.cpp.o[0m
[0.099s] [ 50%] [32mBuilding CXX object CMakeFiles/solution.dir/src/solution.cpp.o[0m
[4.657s] [01m[K/home/theda/dev_ws/src/autoronto_interview/src/test.cpp:[m[K In member function â€˜[01m[Kvoid Test::solution_callback(const Int8MultiArray&)[m[Kâ€™:
[4.658s] [01m[K/home/theda/dev_ws/src/autoronto_interview/src/test.cpp:62:71:[m[K [01;31m[Kerror: [m[Kbinding reference of type â€˜[01m[Kstd::vector<signed char, std::allocator<signed char> >&[m[Kâ€™ to â€˜[01m[Kconst std::vector<signed char, std::allocator<signed char> >[m[Kâ€™ discards qualifiers
[4.658s]    62 |         test_case_find_indices_input(data_[iteration_ % data_.size()].first,
[4.660s] In file included from [01m[K/home/theda/dev_ws/src/autoronto_interview/src/test.cpp:14[m[K:
[4.660s] [01m[K/home/theda/dev_ws/src/autoronto_interview/src/find_indices.hpp:50:61:[m[K [01;36m[Knote: [m[K  initializing argument 1 of â€˜[01m[Kvoid test_case_find_indices_input(std::vector<signed char, std::allocator<signed char> >&, int8_t, std::vector<signed char, std::allocator<signed char> >)[m[Kâ€™
[4.661s]    50 | void test_case_find_indices_input([01;36m[Kstd::vector<std::int8_t> &input[m[K, std::int8_t target,
[4.661s]       |                                   [01;36m[K~~~~~~~~~~~~~~~~~~~~~~~~~~^~~~~[m[K
[10.164s] gmake[2]: *** [CMakeFiles/davidchus_test.dir/build.make:76: CMakeFiles/davidchus_test.dir/src/test.cpp.o] Error 1
[10.165s] gmake[1]: *** [CMakeFiles/Makefile2:165: CMakeFiles/davidchus_test.dir/all] Error 2
[10.165s] gmake[1]: *** Waiting for unfinished jobs....
[19.504s] [ 75%] [32m[1mLinking CXX executable solution[0m
[20.726s] [ 75%] Built target solution
[20.728s] gmake: *** [Makefile:146: all] Error 2
[20.732s] Invoked command in '/home/theda/dev_ws/src/autoronto_interview/build/autoronto_interview' returned '2': CMAKE_PREFIX_PATH=${CMAKE_PREFIX_PATH}:/opt/ros/humble /usr/bin/cmake --build /home/theda/dev_ws/src/autoronto_interview/build/autoronto_interview -- -j4 -l4
