[0.018s] Invoking command in '/home/theda/dev_ws/src/autoronto_interview/build/autoronto_interview': CMAKE_PREFIX_PATH=/opt/ros/humble /usr/bin/cmake --build /home/theda/dev_ws/src/autoronto_interview/build/autoronto_interview -- -j4 -l4
[0.068s] [35m[1mConsolidate compiler generated dependencies of target solution[0m
[0.091s] [ 50%] [32mBuilding CXX object CMakeFiles/solution.dir/src/solution.cpp.o[0m
[3.537s] [01m[K/home/theda/dev_ws/src/autoronto_interview/src/solution.cpp:91:13:[m[K [01;31m[Kerror: [m[Kâ€˜[01m[Ktimerbase[m[Kâ€™ in namespace â€˜[01m[Krclcpp[m[Kâ€™ does not name a type; did you mean â€˜[01m[KTimerBase[m[Kâ€™?
[3.537s]    91 |     rclcpp::[01;31m[Ktimerbase[m[K::sharedptr timer_;
[3.537s]       |             [01;31m[K^~~~~~~~~[m[K
[3.537s]       |             [32m[KTimerBase[m[K
[3.552s] [01m[K/home/theda/dev_ws/src/autoronto_interview/src/solution.cpp:[m[K In constructor â€˜[01m[KMinimalSubscriberPublisher::MinimalSubscriberPublisher()[m[Kâ€™:
[3.553s] [01m[K/home/theda/dev_ws/src/autoronto_interview/src/solution.cpp:37:9:[m[K [01;31m[Kerror: [m[Kâ€˜[01m[Ktimer_[m[Kâ€™ was not declared in this scope; did you mean â€˜[01m[Ktimer_t[m[Kâ€™?
[3.553s]    37 |         [01;31m[Ktimer_[m[K = this->create_wall_timer(
[3.553s]       |         [01;31m[K^~~~~~[m[K
[3.553s]       |         [32m[Ktimer_t[m[K
[3.560s] [01m[K/home/theda/dev_ws/src/autoronto_interview/src/solution.cpp:38:13:[m[K [01;31m[Kerror: [m[Kâ€˜[01m[Kl000ms[m[Kâ€™ was not declared in this scope
[3.560s]    38 |             [01;31m[Kl000ms[m[K, std::bind(&MinimalSubscriberPublisher::timer_callback, this));
[3.560s]       |             [01;31m[K^~~~~~[m[K
[3.565s] [01m[K/home/theda/dev_ws/src/autoronto_interview/src/solution.cpp:[m[K In member function â€˜[01m[Kvoid MinimalSubscriberPublisher::timer_callback()[m[Kâ€™:
[3.565s] [01m[K/home/theda/dev_ws/src/autoronto_interview/src/solution.cpp:59:24:[m[K [01;31m[Kerror: [m[Kâ€˜[01m[Kstd_msg[m[Kâ€™ has not been declared
[3.566s]    59 |         auto message = [01;31m[Kstd_msg[m[K::msg::Int8MultiArray();
[3.566s]       |                        [01;31m[K^~~~~~~[m[K
[3.573s] [01m[K/home/theda/dev_ws/src/autoronto_interview/src/solution.cpp:64:13:[m[K [01;31m[Kerror: [m[Kâ€˜[01m[Krclcpp_info[m[Kâ€™ was not declared in this scope
[3.573s]    64 |             [01;31m[Krclcpp_info[m[K(this->get_logger(), "Publishing: nothing! (%d)", counter++);
[3.573s]       |             [01;31m[K^~~~~~~~~~~[m[K
[3.582s] [01m[K/home/theda/dev_ws/src/autoronto_interview/src/solution.cpp:71:37:[m[K [01;31m[Kerror: [m[Kâ€˜[01m[Kinputs[m[Kâ€™ was not declared in this scope; did you mean â€˜[01m[Kinput_[m[Kâ€™?
[3.582s]    71 |         auto indices = find_indices([01;31m[Kinputs[m[K, target);
[3.582s]       |                                     [01;31m[K^~~~~~[m[K
[3.582s]       |                                     [32m[Kinput_[m[K
[3.587s] [01m[K/home/theda/dev_ws/src/autoronto_interview/src/solution.cpp:71:45:[m[K [01;31m[Kerror: [m[Kâ€˜[01m[Ktarget[m[Kâ€™ was not declared in this scope; did you mean â€˜[01m[Ktarget_[m[Kâ€™?
[3.587s]    71 |         auto indices = find_indices(inputs, [01;31m[Ktarget[m[K);
[3.588s]       |                                             [01;31m[K^~~~~~[m[K
[3.588s]       |                                             [32m[Ktarget_[m[K
[3.588s] [01m[K/home/theda/dev_ws/src/autoronto_interview/src/solution.cpp:75:25:[m[K [01;35m[Kwarning: [m[KC++ designated initializers only available with â€˜[01m[K-std=c++20[m[Kâ€™ or â€˜[01m[K-std=gnu++20[m[Kâ€™ [[01;35m[K]8;;https://gcc.gnu.org/onlinedocs/gcc/Warning-Options.html#index-Wpedantic-Wpedantic]8;;[m[K]
[3.588s]    75 |         message.dim = {{[01;35m[K.[m[Klabel = "length", .size = 2, .stride = 2}};  // is this the right name?
[3.588s]       |                         [01;35m[K^[m[K
[3.588s] [01m[K/home/theda/dev_ws/src/autoronto_interview/src/solution.cpp:75:44:[m[K [01;35m[Kwarning: [m[KC++ designated initializers only available with â€˜[01m[K-std=c++20[m[Kâ€™ or â€˜[01m[K-std=gnu++20[m[Kâ€™ [[01;35m[K]8;;https://gcc.gnu.org/onlinedocs/gcc/Warning-Options.html#index-Wpedantic-Wpedantic]8;;[m[K]
[3.589s]    75 |         message.dim = {{.label = "length", [01;35m[K.[m[Ksize = 2, .stride = 2}};  // is this the right name?
[3.589s]       |                                            [01;35m[K^[m[K
[3.589s] [01m[K/home/theda/dev_ws/src/autoronto_interview/src/solution.cpp:75:55:[m[K [01;35m[Kwarning: [m[KC++ designated initializers only available with â€˜[01m[K-std=c++20[m[Kâ€™ or â€˜[01m[K-std=gnu++20[m[Kâ€™ [[01;35m[K]8;;https://gcc.gnu.org/onlinedocs/gcc/Warning-Options.html#index-Wpedantic-Wpedantic]8;;[m[K]
[3.589s]    75 |         message.dim = {{.label = "length", .size = 2, [01;35m[K.[m[Kstride = 2}};  // is this the right name?
[3.589s]       |                                                       [01;35m[K^[m[K
[3.597s] [01m[K/home/theda/dev_ws/src/autoronto_interview/src/solution.cpp:76:9:[m[K [01;31m[Kerror: [m[Kâ€˜[01m[Krclcpp_info[m[Kâ€™ was not declared in this scope
[3.597s]    76 |         [01;31m[Krclcpp_info[m[K(this->get_logger(), "Publishing: (%d, %d)",
[3.597s]       |         [01;31m[K^~~~~~~~~~~[m[K
[3.603s] [01m[K/home/theda/dev_ws/src/autoronto_interview/src/solution.cpp:[m[K In function â€˜[01m[Kint main(int, char**)[m[Kâ€™:
[3.604s] [01m[K/home/theda/dev_ws/src/autoronto_interview/src/solution.cpp:101:35:[m[K [01;31m[Kerror: [m[Kâ€˜[01m[KMinimalPublisher[m[Kâ€™ was not declared in this scope
[3.604s]   101 |     rclcpp::spin(std::make_shared<[01;31m[KMinimalPublisher[m[K>());
[3.604s]       |                                   [01;31m[K^~~~~~~~~~~~~~~~[m[K
[3.604s] [01m[K/home/theda/dev_ws/src/autoronto_interview/src/solution.cpp:101:52:[m[K [01;31m[Kerror: [m[Kno matching function for call to â€˜[01m[Kmake_shared<<expression error> >()[m[Kâ€™
[3.605s]   101 |     rclcpp::spin([01;31m[Kstd::make_shared<MinimalPublisher>()[m[K);
[3.605s]       |                  [01;31m[K~~~~~~~~~~~~~~~~~~~~~~~~~~~~~~~~~~^~[m[K
[3.605s] In file included from [01m[K/usr/include/c++/11/memory:77[m[K,
[3.605s]                  from [01m[K/home/theda/dev_ws/src/autoronto_interview/src/solution.cpp:7[m[K:
[3.606s] [01m[K/usr/include/c++/11/bits/shared_ptr.h:875:5:[m[K [01;36m[Knote: [m[Kcandidate: â€˜[01m[Ktemplate<class _Tp, class ... _Args> std::shared_ptr<_Tp> std::make_shared(_Args&& ...)[m[Kâ€™
[3.606s]   875 |     [01;36m[Kmake_shared[m[K(_Args&&... __args)
[3.606s]       |     [01;36m[K^~~~~~~~~~~[m[K
[3.606s] [01m[K/usr/include/c++/11/bits/shared_ptr.h:875:5:[m[K [01;36m[Knote: [m[K  template argument deduction/substitution failed:
[3.607s] [01m[K/home/theda/dev_ws/src/autoronto_interview/src/solution.cpp:101:52:[m[K [01;31m[Kerror: [m[Ktemplate argument 1 is invalid
[3.607s]   101 |     rclcpp::spin([01;31m[Kstd::make_shared<MinimalPublisher>()[m[K);
[3.608s]       |                  [01;31m[K~~~~~~~~~~~~~~~~~~~~~~~~~~~~~~~~~~^~[m[K
[4.922s] gmake[2]: *** [CMakeFiles/solution.dir/build.make:76: CMakeFiles/solution.dir/src/solution.cpp.o] Error 1
[4.922s] gmake[1]: *** [CMakeFiles/Makefile2:137: CMakeFiles/solution.dir/all] Error 2
[4.922s] gmake: *** [Makefile:146: all] Error 2
[4.926s] Invoked command in '/home/theda/dev_ws/src/autoronto_interview/build/autoronto_interview' returned '2': CMAKE_PREFIX_PATH=/opt/ros/humble /usr/bin/cmake --build /home/theda/dev_ws/src/autoronto_interview/build/autoronto_interview -- -j4 -l4
