[35m[1mConsolidate compiler generated dependencies of target davidchus_test[0m
[ 50%] Built target solution
[ 75%] [32mBuilding CXX object CMakeFiles/davidchus_test.dir/src/test.cpp.o[0m
[01m[K/home/theda/dev_ws/src/autoronto_interview/src/test.cpp:[m[K In constructor â€˜[01m[KTest::Test()[m[Kâ€™:
[01m[K/home/theda/dev_ws/src/autoronto_interview/src/test.cpp:31:47:[m[K [01;31m[Kerror: [m[Kâ€˜[01m[Kinput_callback[m[Kâ€™ is not a member of â€˜[01m[KTest[m[Kâ€™
   31 |             "/solution", 10, std::bind(&Test::[01;31m[Kinput_callback[m[K, this, _1));
      |                                               [01;31m[K^~~~~~~~~~~~~~[m[K
In file included from [01m[K/opt/ros/humble/include/rclcpp/rclcpp/logging.hpp:24[m[K,
                 from [01m[K/opt/ros/humble/include/rclcpp/rclcpp/client.hpp:40[m[K,
                 from [01m[K/opt/ros/humble/include/rclcpp/rclcpp/callback_group.hpp:23[m[K,
                 from [01m[K/opt/ros/humble/include/rclcpp/rclcpp/any_executable.hpp:20[m[K,
                 from [01m[K/opt/ros/humble/include/rclcpp/rclcpp/memory_strategy.hpp:25[m[K,
                 from [01m[K/opt/ros/humble/include/rclcpp/rclcpp/memory_strategies.hpp:18[m[K,
                 from [01m[K/opt/ros/humble/include/rclcpp/rclcpp/executor_options.hpp:20[m[K,
                 from [01m[K/opt/ros/humble/include/rclcpp/rclcpp/executor.hpp:37[m[K,
                 from [01m[K/opt/ros/humble/include/rclcpp/rclcpp/executors/multi_threaded_executor.hpp:25[m[K,
                 from [01m[K/opt/ros/humble/include/rclcpp/rclcpp/executors.hpp:21[m[K,
                 from [01m[K/opt/ros/humble/include/rclcpp/rclcpp/rclcpp.hpp:155[m[K,
                 from [01m[K/home/theda/dev_ws/src/autoronto_interview/src/test.cpp:10[m[K:
[01m[K/home/theda/dev_ws/src/autoronto_interview/src/test.cpp:[m[K In member function â€˜[01m[Kvoid Test::solution_callback(const Int8MultiArray&)[m[Kâ€™:
[01m[K/home/theda/dev_ws/src/autoronto_interview/src/test.cpp:72:41:[m[K [01;35m[Kwarning: [m[Kspurious trailing â€˜[01m[K%[m[Kâ€™ in format [[01;35m[K]8;;https://gcc.gnu.org/onlinedocs/gcc/Warning-Options.html#index-Wformat=-Wformat=]8;;[m[K]
   72 |         RCLCPP_INFO(this->get_logger(), [01;35m[K"Subscribing to '/solution': %"[m[K,
      |                                         [01;35m[K^~~~~~~~~~~~~~~~~~~~~~~~~~~~~~~[m[K
[01m[K/home/theda/dev_ws/src/autoronto_interview/src/test.cpp:72:70:[m[K [01;36m[Knote: [m[Kformat string is defined here
   72 |         RCLCPP_INFO(this->get_logger(), "Subscribing to '/solution': [01;36m[K%[m[K",
      |                                                                      [01;36m[K^[m[K
In file included from [01m[K/opt/ros/humble/include/rclcpp/rclcpp/logging.hpp:24[m[K,
                 from [01m[K/opt/ros/humble/include/rclcpp/rclcpp/client.hpp:40[m[K,
                 from [01m[K/opt/ros/humble/include/rclcpp/rclcpp/callback_group.hpp:23[m[K,
                 from [01m[K/opt/ros/humble/include/rclcpp/rclcpp/any_executable.hpp:20[m[K,
                 from [01m[K/opt/ros/humble/include/rclcpp/rclcpp/memory_strategy.hpp:25[m[K,
                 from [01m[K/opt/ros/humble/include/rclcpp/rclcpp/memory_strategies.hpp:18[m[K,
                 from [01m[K/opt/ros/humble/include/rclcpp/rclcpp/executor_options.hpp:20[m[K,
                 from [01m[K/opt/ros/humble/include/rclcpp/rclcpp/executor.hpp:37[m[K,
                 from [01m[K/opt/ros/humble/include/rclcpp/rclcpp/executors/multi_threaded_executor.hpp:25[m[K,
                 from [01m[K/opt/ros/humble/include/rclcpp/rclcpp/executors.hpp:21[m[K,
                 from [01m[K/opt/ros/humble/include/rclcpp/rclcpp/rclcpp.hpp:155[m[K,
                 from [01m[K/home/theda/dev_ws/src/autoronto_interview/src/test.cpp:10[m[K:
[01m[K/home/theda/dev_ws/src/autoronto_interview/src/test.cpp:72:41:[m[K [01;35m[Kwarning: [m[Ktoo many arguments for format [[01;35m[K]8;;https://gcc.gnu.org/onlinedocs/gcc/Warning-Options.html#index-Wformat-extra-args-Wformat-extra-args]8;;[m[K]
   72 |         RCLCPP_INFO(this->get_logger(), [01;35m[K"Subscribing to '/solution': %"[m[K,
      |                                         [01;35m[K^~~~~~~~~~~~~~~~~~~~~~~~~~~~~~~[m[K
[01m[K/home/theda/dev_ws/src/autoronto_interview/src/test.cpp:75:9:[m[K [01;31m[Kerror: [m[Kâ€˜[01m[Ksolution_[m[Kâ€™ was not declared in this scope; did you mean â€˜[01m[Ksolution[m[Kâ€™?
   75 |         [01;31m[Ksolution_[m[K = solution.data;
      |         [01;31m[K^~~~~~~~~[m[K
      |         [32m[Ksolution[m[K
gmake[2]: *** [CMakeFiles/davidchus_test.dir/build.make:76: CMakeFiles/davidchus_test.dir/src/test.cpp.o] Error 1
gmake[1]: *** [CMakeFiles/Makefile2:165: CMakeFiles/davidchus_test.dir/all] Error 2
gmake: *** [Makefile:146: all] Error 2
