[01m[K/home/theda/dev_ws/src/autoronto_interview/src/test.cpp:[m[K In constructor â€˜[01m[KTest::Test()[m[Kâ€™:
[01m[K/home/theda/dev_ws/src/autoronto_interview/src/test.cpp:24:13:[m[K [01;31m[Kerror: [m[Kunable to find numeric literal operator â€˜[01m[Koperator""ms[m[Kâ€™
   24 |             [01;31m[K1000ms[m[K, std::bind(&Test::timer_callback, this));
      |             [01;31m[K^~~~~~[m[K
[01m[K/home/theda/dev_ws/src/autoronto_interview/src/test.cpp:[m[K In member function â€˜[01m[Kvoid Test::timer_callback()[m[Kâ€™:
[01m[K/home/theda/dev_ws/src/autoronto_interview/src/test.cpp:30:30:[m[K [01;31m[Kerror: [m[Kcannot convert â€˜[01m[Kstd::size_t[m[Kâ€™ {aka â€˜[01m[Klong unsigned int[m[Kâ€™} to â€˜[01m[Kstd::vector<signed char, std::allocator<signed char> >[m[Kâ€™
   30 |         input_timer_callback([01;31m[Kiteration[m[K);
      |                              [01;31m[K^~~~~~~~~[m[K
      |                              [01;31m[K|[m[K
      |                              [01;31m[Kstd::size_t {aka long unsigned int}[m[K
[01m[K/home/theda/dev_ws/src/autoronto_interview/src/test.cpp:37:62:[m[K [01;36m[Knote: [m[K  initializing argument 1 of â€˜[01m[Kvoid Test::input_timer_callback(std::vector<signed char, std::allocator<signed char> >)[m[Kâ€™
   37 |     void input_timer_callback([01;36m[Kconst std::vector<std::int8_t> input_vec[m[K) {
      |                               [01;36m[K~~~~~~~~~~~~~~~~~~~~~~~~~~~~~~~^~~~~~~~~[m[K
gmake[2]: *** [CMakeFiles/davidchus_test.dir/build.make:76: CMakeFiles/davidchus_test.dir/src/test.cpp.o] Error 1
gmake[1]: *** [CMakeFiles/Makefile2:165: CMakeFiles/davidchus_test.dir/all] Error 2
gmake: *** [Makefile:146: all] Error 2
