[35m[1mConsolidate compiler generated dependencies of target solution[0m
[35m[1mConsolidate compiler generated dependencies of target davidchus_test[0m
[ 25%] [32mBuilding CXX object CMakeFiles/davidchus_test.dir/src/test.cpp.o[0m
[ 50%] [32mBuilding CXX object CMakeFiles/solution.dir/src/solution.cpp.o[0m
In file included from [01m[K/home/theda/dev_ws/src/autoronto_interview/src/solution.cpp:15[m[K:
[01m[K/home/theda/dev_ws/src/autoronto_interview/src/find_indices.hpp:[m[K In function â€˜[01m[Kvoid test_case_find_indices_input(std::vector<signed char, std::allocator<signed char> >&, int8_t, std::vector<signed char, std::allocator<signed char> >)[m[Kâ€™:
[01m[K/home/theda/dev_ws/src/autoronto_interview/src/find_indices.hpp:56:5:[m[K [01;31m[Kerror: [m[Kâ€˜[01m[Ktest_case_find_indices_output[m[Kâ€™ was not declared in this scope; did you mean â€˜[01m[Ktest_case_find_indices_input[m[Kâ€™?
   56 |     [01;31m[Ktest_case_find_indices_output[m[K(oracle, output);
      |     [01;31m[K^~~~~~~~~~~~~~~~~~~~~~~~~~~~~[m[K
      |     [32m[Ktest_case_find_indices_input[m[K
In file included from [01m[K/home/theda/dev_ws/src/autoronto_interview/src/test.cpp:14[m[K:
[01m[K/home/theda/dev_ws/src/autoronto_interview/src/find_indices.hpp:[m[K In function â€˜[01m[Kvoid test_case_find_indices_input(std::vector<signed char, std::allocator<signed char> >&, int8_t, std::vector<signed char, std::allocator<signed char> >)[m[Kâ€™:
[01m[K/home/theda/dev_ws/src/autoronto_interview/src/find_indices.hpp:56:5:[m[K [01;31m[Kerror: [m[Kâ€˜[01m[Ktest_case_find_indices_output[m[Kâ€™ was not declared in this scope; did you mean â€˜[01m[Ktest_case_find_indices_input[m[Kâ€™?
   56 |     [01;31m[Ktest_case_find_indices_output[m[K(oracle, output);
      |     [01;31m[K^~~~~~~~~~~~~~~~~~~~~~~~~~~~~[m[K
      |     [32m[Ktest_case_find_indices_input[m[K
[01m[K/home/theda/dev_ws/src/autoronto_interview/src/test.cpp:[m[K At global scope:
[01m[K/home/theda/dev_ws/src/autoronto_interview/src/test.cpp:67:80:[m[K [01;31m[Kerror: [m[Kin-class initialization of static data member â€˜[01m[Kconst std::vector<std::pair<std::vector<signed char, std::allocator<signed char> >, signed char> > Test::data_[m[Kâ€™ of non-literal type
   67 |     static const std::vector<std::pair<std::vector<std::int8_t>, std::int8_t>> [01;31m[Kdata_[m[K = {
      |                                                                                [01;31m[K^~~~~[m[K
[01m[K/home/theda/dev_ws/src/autoronto_interview/src/test.cpp:77:5:[m[K [01;31m[Kerror: [m[Ktemporary of non-literal type â€˜[01m[Kconst std::vector<std::pair<std::vector<signed char, std::allocator<signed char> >, signed char> >[m[Kâ€™ in a constant expression
   77 |     [01;31m[K}[m[K;
      |     [01;31m[K^[m[K
In file included from [01m[K/usr/include/c++/11/vector:67[m[K,
                 from [01m[K/home/theda/dev_ws/src/autoronto_interview/src/test.cpp:2[m[K:
[01m[K/usr/include/c++/11/bits/stl_vector.h:389:11:[m[K [01;36m[Knote: [m[Kâ€˜[01m[Kstd::vector<std::pair<std::vector<signed char, std::allocator<signed char> >, signed char> >[m[Kâ€™ is not literal because:
  389 |     class [01;36m[Kvector[m[K : protected _Vector_base<_Tp, _Alloc>
      |           [01;36m[K^~~~~~[m[K
[01m[K/usr/include/c++/11/bits/stl_vector.h:389:11:[m[K [01;36m[Knote: [m[K  â€˜[01m[Kstd::vector<std::pair<std::vector<signed char, std::allocator<signed char> >, signed char> >[m[Kâ€™ has a non-trivial destructor
[01m[K/home/theda/dev_ws/src/autoronto_interview/src/test.cpp:[m[K In member function â€˜[01m[Kvoid Test::solution_callback(const Int8MultiArray&)[m[Kâ€™:
[01m[K/home/theda/dev_ws/src/autoronto_interview/src/test.cpp:62:71:[m[K [01;31m[Kerror: [m[Kbinding reference of type â€˜[01m[Kstd::vector<signed char, std::allocator<signed char> >&[m[Kâ€™ to â€˜[01m[Kconst std::vector<signed char, std::allocator<signed char> >[m[Kâ€™ discards qualifiers
   62 |         test_case_find_indices_input(data_[iteration_ % data_.size()].first,
In file included from [01m[K/home/theda/dev_ws/src/autoronto_interview/src/test.cpp:14[m[K:
[01m[K/home/theda/dev_ws/src/autoronto_interview/src/find_indices.hpp:50:61:[m[K [01;36m[Knote: [m[K  initializing argument 1 of â€˜[01m[Kvoid test_case_find_indices_input(std::vector<signed char, std::allocator<signed char> >&, int8_t, std::vector<signed char, std::allocator<signed char> >)[m[Kâ€™
   50 | void test_case_find_indices_input([01;36m[Kstd::vector<std::int8_t> &input[m[K, std::int8_t target,
      |                                   [01;36m[K~~~~~~~~~~~~~~~~~~~~~~~~~~^~~~~[m[K
gmake[2]: *** [CMakeFiles/davidchus_test.dir/build.make:76: CMakeFiles/davidchus_test.dir/src/test.cpp.o] Error 1
gmake[1]: *** [CMakeFiles/Makefile2:165: CMakeFiles/davidchus_test.dir/all] Error 2
gmake[1]: *** Waiting for unfinished jobs....
gmake[2]: *** [CMakeFiles/solution.dir/build.make:76: CMakeFiles/solution.dir/src/solution.cpp.o] Error 1
gmake[1]: *** [CMakeFiles/Makefile2:139: CMakeFiles/solution.dir/all] Error 2
gmake: *** [Makefile:146: all] Error 2
