[0.019s] Invoking command in '/home/theda/dev_ws/src/autoronto_interview/build/autoronto_interview': CMAKE_PREFIX_PATH=/opt/ros/humble /usr/bin/cmake --build /home/theda/dev_ws/src/autoronto_interview/build/autoronto_interview -- -j4 -l4
[0.059s] [35m[1mConsolidate compiler generated dependencies of target davidchus_test[0m
[0.071s] [ 50%] Built target solution
[0.080s] [ 75%] [32mBuilding CXX object CMakeFiles/davidchus_test.dir/src/test.cpp.o[0m
[3.269s] [01m[K/home/theda/dev_ws/src/autoronto_interview/src/test.cpp:[m[K In constructor â€˜[01m[KTest::Test()[m[Kâ€™:
[3.269s] [01m[K/home/theda/dev_ws/src/autoronto_interview/src/test.cpp:31:47:[m[K [01;31m[Kerror: [m[Kâ€˜[01m[Kinput_callback[m[Kâ€™ is not a member of â€˜[01m[KTest[m[Kâ€™
[3.269s]    31 |             "/solution", 10, std::bind(&Test::[01;31m[Kinput_callback[m[K, this, _1));
[3.270s]       |                                               [01;31m[K^~~~~~~~~~~~~~[m[K
[3.286s] In file included from [01m[K/opt/ros/humble/include/rclcpp/rclcpp/logging.hpp:24[m[K,
[3.286s]                  from [01m[K/opt/ros/humble/include/rclcpp/rclcpp/client.hpp:40[m[K,
[3.286s]                  from [01m[K/opt/ros/humble/include/rclcpp/rclcpp/callback_group.hpp:23[m[K,
[3.287s]                  from [01m[K/opt/ros/humble/include/rclcpp/rclcpp/any_executable.hpp:20[m[K,
[3.287s]                  from [01m[K/opt/ros/humble/include/rclcpp/rclcpp/memory_strategy.hpp:25[m[K,
[3.287s]                  from [01m[K/opt/ros/humble/include/rclcpp/rclcpp/memory_strategies.hpp:18[m[K,
[3.287s]                  from [01m[K/opt/ros/humble/include/rclcpp/rclcpp/executor_options.hpp:20[m[K,
[3.288s]                  from [01m[K/opt/ros/humble/include/rclcpp/rclcpp/executor.hpp:37[m[K,
[3.288s]                  from [01m[K/opt/ros/humble/include/rclcpp/rclcpp/executors/multi_threaded_executor.hpp:25[m[K,
[3.288s]                  from [01m[K/opt/ros/humble/include/rclcpp/rclcpp/executors.hpp:21[m[K,
[3.289s]                  from [01m[K/opt/ros/humble/include/rclcpp/rclcpp/rclcpp.hpp:155[m[K,
[3.289s]                  from [01m[K/home/theda/dev_ws/src/autoronto_interview/src/test.cpp:10[m[K:
[3.289s] [01m[K/home/theda/dev_ws/src/autoronto_interview/src/test.cpp:[m[K In member function â€˜[01m[Kvoid Test::solution_callback(const Int8MultiArray&)[m[Kâ€™:
[3.290s] [01m[K/home/theda/dev_ws/src/autoronto_interview/src/test.cpp:72:41:[m[K [01;35m[Kwarning: [m[Kformat â€˜[01m[K%s[m[Kâ€™ expects argument of type â€˜[01m[Kchar*[m[Kâ€™, but argument 5 has type â€˜[01m[Kstd::string[m[Kâ€™ {aka â€˜[01m[Kstd::__cxx11::basic_string<char>[m[Kâ€™} [[01;35m[K]8;;https://gcc.gnu.org/onlinedocs/gcc/Warning-Options.html#index-Wformat=-Wformat=]8;;[m[K]
[3.290s]    72 |         RCLCPP_INFO(this->get_logger(), [01;35m[K"Subscribing to '/solution': %s"[m[K,
[3.290s]       |                                         [01;35m[K^~~~~~~~~~~~~~~~~~~~~~~~~~~~~~~~[m[K
[3.290s]    73 |                 [32m[Kivec2str(solution.data)[m[K);
[3.291s]       |                 [32m[K~~~~~~~~~~~~~~~~~~~~~~~[m[K  
[3.291s]       |                         [32m[K|[m[K
[3.291s]       |                         [32m[Kstd::string {aka std::__cxx11::basic_string<char>}[m[K
[3.292s] [01m[K/home/theda/dev_ws/src/autoronto_interview/src/test.cpp:72:71:[m[K [01;36m[Knote: [m[Kformat string is defined here
[3.292s]    72 |         RCLCPP_INFO(this->get_logger(), "Subscribing to '/solution': [01;36m[K%s[m[K",
[3.292s]       |                                                                      [01;36m[K~^[m[K
[3.292s]       |                                                                       [01;36m[K|[m[K
[3.293s]       |                                                                       [01;36m[Kchar*[m[K
[3.293s] [01m[K/home/theda/dev_ws/src/autoronto_interview/src/test.cpp:75:43:[m[K [01;31m[Kerror: [m[Kno match for â€˜[01m[Koperator=[m[Kâ€™ (operand types are â€˜[01m[Krclcpp::Subscription<std_msgs::msg::Int8MultiArray_<std::allocator<void> > >::SharedPtr[m[Kâ€™ {aka â€˜[01m[Kstd::shared_ptr<rclcpp::Subscription<std_msgs::msg::Int8MultiArray_<std::allocator<void> > > >[m[Kâ€™} and â€˜[01m[Kconst _data_type[m[Kâ€™ {aka â€˜[01m[Kconst std::vector<signed char, std::allocator<signed char> >[m[Kâ€™})
[3.293s]    75 |         solution_subscription_ = solution.[01;31m[Kdata[m[K;
[3.293s]       |                                           [01;31m[K^~~~[m[K
[3.294s] In file included from [01m[K/usr/include/c++/11/memory:77[m[K,
[3.294s]                  from [01m[K/home/theda/dev_ws/src/autoronto_interview/src/test.cpp:7[m[K:
[3.294s] [01m[K/usr/include/c++/11/bits/shared_ptr.h:363:9:[m[K [01;36m[Knote: [m[Kcandidate: â€˜[01m[Ktemplate<class _Yp> std::shared_ptr<_Tp>::_Assignable<const std::shared_ptr<_Yp>&> std::shared_ptr<_Tp>::operator=(const std::shared_ptr<_Yp>&) [with _Yp = _Yp; _Tp = rclcpp::Subscription<std_msgs::msg::Int8MultiArray_<std::allocator<void> > >][m[Kâ€™
[3.295s]   363 |         [01;36m[Koperator[m[K=(const shared_ptr<_Yp>& __r) noexcept
[3.295s]       |         [01;36m[K^~~~~~~~[m[K
[3.295s] [01m[K/usr/include/c++/11/bits/shared_ptr.h:363:9:[m[K [01;36m[Knote: [m[K  template argument deduction/substitution failed:
[3.296s] [01m[K/home/theda/dev_ws/src/autoronto_interview/src/test.cpp:75:43:[m[K [01;36m[Knote: [m[K  â€˜[01m[Kconst _data_type[m[Kâ€™ {aka â€˜[01m[Kconst std::vector<signed char, std::allocator<signed char> >[m[Kâ€™} is not derived from â€˜[01m[Kconst std::shared_ptr<_Tp>[m[Kâ€™
[3.296s]    75 |         solution_subscription_ = solution.[01;36m[Kdata[m[K;
[3.296s]       |                                           [01;36m[K^~~~[m[K
[3.296s] In file included from [01m[K/usr/include/c++/11/memory:77[m[K,
[3.297s]                  from [01m[K/home/theda/dev_ws/src/autoronto_interview/src/test.cpp:7[m[K:
[3.297s] [01m[K/usr/include/c++/11/bits/shared_ptr.h:374:9:[m[K [01;36m[Knote: [m[Kcandidate: â€˜[01m[Ktemplate<class _Yp> std::shared_ptr<_Tp>::_Assignable<std::auto_ptr<_Up> > std::shared_ptr<_Tp>::operator=(std::auto_ptr<_Up>&&) [with _Yp = _Yp; _Tp = rclcpp::Subscription<std_msgs::msg::Int8MultiArray_<std::allocator<void> > >][m[Kâ€™
[3.297s]   374 |         [01;36m[Koperator[m[K=(auto_ptr<_Yp>&& __r)
[3.298s]       |         [01;36m[K^~~~~~~~[m[K
[3.298s] [01m[K/usr/include/c++/11/bits/shared_ptr.h:374:9:[m[K [01;36m[Knote: [m[K  template argument deduction/substitution failed:
[3.298s] [01m[K/home/theda/dev_ws/src/autoronto_interview/src/test.cpp:75:43:[m[K [01;36m[Knote: [m[K  types â€˜[01m[Kstd::auto_ptr<_Up>[m[Kâ€™ and â€˜[01m[Kconst _data_type[m[Kâ€™ {aka â€˜[01m[Kconst std::vector<signed char, std::allocator<signed char> >[m[Kâ€™} have incompatible cv-qualifiers
[3.299s]    75 |         solution_subscription_ = solution.[01;36m[Kdata[m[K;
[3.299s]       |                                           [01;36m[K^~~~[m[K
[3.299s] In file included from [01m[K/usr/include/c++/11/memory:77[m[K,
[3.300s]                  from [01m[K/home/theda/dev_ws/src/autoronto_interview/src/test.cpp:7[m[K:
[3.300s] [01m[K/usr/include/c++/11/bits/shared_ptr.h:391:9:[m[K [01;36m[Knote: [m[Kcandidate: â€˜[01m[Ktemplate<class _Yp> std::shared_ptr<_Tp>::_Assignable<std::shared_ptr<_Yp> > std::shared_ptr<_Tp>::operator=(std::shared_ptr<_Yp>&&) [with _Yp = _Yp; _Tp = rclcpp::Subscription<std_msgs::msg::Int8MultiArray_<std::allocator<void> > >][m[Kâ€™
[3.300s]   391 |         [01;36m[Koperator[m[K=(shared_ptr<_Yp>&& __r) noexcept
[3.301s]       |         [01;36m[K^~~~~~~~[m[K
[3.301s] [01m[K/usr/include/c++/11/bits/shared_ptr.h:391:9:[m[K [01;36m[Knote: [m[K  template argument deduction/substitution failed:
[3.301s] [01m[K/home/theda/dev_ws/src/autoronto_interview/src/test.cpp:75:43:[m[K [01;36m[Knote: [m[K  types â€˜[01m[Kstd::shared_ptr<_Tp>[m[Kâ€™ and â€˜[01m[Kconst _data_type[m[Kâ€™ {aka â€˜[01m[Kconst std::vector<signed char, std::allocator<signed char> >[m[Kâ€™} have incompatible cv-qualifiers
[3.302s]    75 |         solution_subscription_ = solution.[01;36m[Kdata[m[K;
[3.302s]       |                                           [01;36m[K^~~~[m[K
[3.302s] In file included from [01m[K/usr/include/c++/11/memory:77[m[K,
[3.302s]                  from [01m[K/home/theda/dev_ws/src/autoronto_interview/src/test.cpp:7[m[K:
[3.303s] [01m[K/usr/include/c++/11/bits/shared_ptr.h:399:9:[m[K [01;36m[Knote: [m[Kcandidate: â€˜[01m[Ktemplate<class _Yp, class _Del> std::shared_ptr<_Tp>::_Assignable<std::unique_ptr<_Up, _Ep> > std::shared_ptr<_Tp>::operator=(std::unique_ptr<_Up, _Ep>&&) [with _Yp = _Yp; _Del = _Del; _Tp = rclcpp::Subscription<std_msgs::msg::Int8MultiArray_<std::allocator<void> > >][m[Kâ€™
[3.303s]   399 |         [01;36m[Koperator[m[K=(unique_ptr<_Yp, _Del>&& __r)
[3.303s]       |         [01;36m[K^~~~~~~~[m[K
[3.304s] [01m[K/usr/include/c++/11/bits/shared_ptr.h:399:9:[m[K [01;36m[Knote: [m[K  template argument deduction/substitution failed:
[3.304s] [01m[K/home/theda/dev_ws/src/autoronto_interview/src/test.cpp:75:43:[m[K [01;36m[Knote: [m[K  types â€˜[01m[Kstd::unique_ptr<_Tp, _Dp>[m[Kâ€™ and â€˜[01m[Kconst _data_type[m[Kâ€™ {aka â€˜[01m[Kconst std::vector<signed char, std::allocator<signed char> >[m[Kâ€™} have incompatible cv-qualifiers
[3.304s]    75 |         solution_subscription_ = solution.[01;36m[Kdata[m[K;
[3.305s]       |                                           [01;36m[K^~~~[m[K
[3.305s] In file included from [01m[K/usr/include/c++/11/memory:77[m[K,
[3.305s]                  from [01m[K/home/theda/dev_ws/src/autoronto_interview/src/test.cpp:7[m[K:
[3.306s] [01m[K/usr/include/c++/11/bits/shared_ptr.h:359:19:[m[K [01;36m[Knote: [m[Kcandidate: â€˜[01m[Kstd::shared_ptr<_Tp>& std::shared_ptr<_Tp>::operator=(const std::shared_ptr<_Tp>&) [with _Tp = rclcpp::Subscription<std_msgs::msg::Int8MultiArray_<std::allocator<void> > >][m[Kâ€™
[3.306s]   359 |       shared_ptr& [01;36m[Koperator[m[K=(const shared_ptr&) noexcept = default;
[3.306s]       |                   [01;36m[K^~~~~~~~[m[K
[3.307s] [01m[K/usr/include/c++/11/bits/shared_ptr.h:359:29:[m[K [01;36m[Knote: [m[K  no known conversion for argument 1 from â€˜[01m[Kconst _data_type[m[Kâ€™ {aka â€˜[01m[Kconst std::vector<signed char, std::allocator<signed char> >[m[Kâ€™} to â€˜[01m[Kconst std::shared_ptr<rclcpp::Subscription<std_msgs::msg::Int8MultiArray_<std::allocator<void> > > >&[m[Kâ€™
[3.307s]   359 |       shared_ptr& operator=([01;36m[Kconst shared_ptr&[m[K) noexcept = default;
[3.307s]       |                             [01;36m[K^~~~~~~~~~~~~~~~~[m[K
[3.307s] [01m[K/usr/include/c++/11/bits/shared_ptr.h:383:7:[m[K [01;36m[Knote: [m[Kcandidate: â€˜[01m[Kstd::shared_ptr<_Tp>& std::shared_ptr<_Tp>::operator=(std::shared_ptr<_Tp>&&) [with _Tp = rclcpp::Subscription<std_msgs::msg::Int8MultiArray_<std::allocator<void> > >][m[Kâ€™
[3.307s]   383 |       [01;36m[Koperator[m[K=(shared_ptr&& __r) noexcept
[3.307s]       |       [01;36m[K^~~~~~~~[m[K
[3.308s] [01m[K/usr/include/c++/11/bits/shared_ptr.h:383:30:[m[K [01;36m[Knote: [m[K  no known conversion for argument 1 from â€˜[01m[Kconst _data_type[m[Kâ€™ {aka â€˜[01m[Kconst std::vector<signed char, std::allocator<signed char> >[m[Kâ€™} to â€˜[01m[Kstd::shared_ptr<rclcpp::Subscription<std_msgs::msg::Int8MultiArray_<std::allocator<void> > > >&&[m[Kâ€™
[3.308s]   383 |       operator=([01;36m[Kshared_ptr&& __r[m[K) noexcept
[3.308s]       |                 [01;36m[K~~~~~~~~~~~~~^~~[m[K
[4.954s] gmake[2]: *** [CMakeFiles/davidchus_test.dir/build.make:76: CMakeFiles/davidchus_test.dir/src/test.cpp.o] Error 1
[4.954s] gmake[1]: *** [CMakeFiles/Makefile2:165: CMakeFiles/davidchus_test.dir/all] Error 2
[4.954s] gmake: *** [Makefile:146: all] Error 2
[4.959s] Invoked command in '/home/theda/dev_ws/src/autoronto_interview/build/autoronto_interview' returned '2': CMAKE_PREFIX_PATH=/opt/ros/humble /usr/bin/cmake --build /home/theda/dev_ws/src/autoronto_interview/build/autoronto_interview -- -j4 -l4
