[01m[K/home/theda/dev_ws/src/autoronto_interview/src/solution.cpp:49:71:[m[K [01;31m[Kerror: [m[Kmacro "assert" passed 3 arguments, but takes just 1
   49 |                 ivec2str(input_).c_str(), ivec2str(input.data).c_str()[01;31m[K)[m[K;
      |                                                                       [01;31m[K^[m[K
In file included from [01m[K/usr/include/c++/11/cassert:44[m[K,
                 from [01m[K/home/theda/dev_ws/src/autoronto_interview/src/ivec2str.hpp:4[m[K,
                 from [01m[K/home/theda/dev_ws/src/autoronto_interview/src/solution.cpp:16[m[K:
[01m[K/usr/include/assert.h:92:[m[K [01;36m[Knote: [m[Kmacro "assert" defined here
   92 | #  define assert(expr)                                                  \
      | 
[01m[K/home/theda/dev_ws/src/autoronto_interview/src/solution.cpp:58:28:[m[K [01;31m[Kerror: [m[Kmacro "assert" passed 3 arguments, but takes just 1
   58 |                 target.data[01;31m[K)[m[K;
      |                            [01;31m[K^[m[K
In file included from [01m[K/usr/include/c++/11/cassert:44[m[K,
                 from [01m[K/home/theda/dev_ws/src/autoronto_interview/src/ivec2str.hpp:4[m[K,
                 from [01m[K/home/theda/dev_ws/src/autoronto_interview/src/solution.cpp:16[m[K:
[01m[K/usr/include/assert.h:92:[m[K [01;36m[Knote: [m[Kmacro "assert" defined here
   92 | #  define assert(expr)                                                  \
      | 
[01m[K/home/theda/dev_ws/src/autoronto_interview/src/solution.cpp:[m[K In member function â€˜[01m[Kvoid Solution::input_callback(const Int8MultiArray&)[m[Kâ€™:
[01m[K/home/theda/dev_ws/src/autoronto_interview/src/solution.cpp:48:9:[m[K [01;31m[Kerror: [m[Kâ€˜[01m[Kassert[m[Kâ€™ was not declared in this scope
   48 |         [01;31m[Kassert[m[K(!input_is_valid_ && "clobbering input %s with %s!",
      |         [01;31m[K^~~~~~[m[K
[01m[K/home/theda/dev_ws/src/autoronto_interview/src/solution.cpp:17:1:[m[K [01;36m[Knote: [m[Kâ€˜[01m[Kassert[m[Kâ€™ is defined in header â€˜[01m[K<cassert>[m[Kâ€™; did you forget to â€˜[01m[K#include <cassert>[m[Kâ€™?
   16 | #include "ivec2str.hpp"
  +++ |+[32m[K#include <cassert>[m[K
   17 | 
[01m[K/home/theda/dev_ws/src/autoronto_interview/src/solution.cpp:[m[K In member function â€˜[01m[Kvoid Solution::target_callback(const Int8&)[m[Kâ€™:
[01m[K/home/theda/dev_ws/src/autoronto_interview/src/solution.cpp:57:9:[m[K [01;31m[Kerror: [m[Kâ€˜[01m[Kassert[m[Kâ€™ was not declared in this scope
   57 |         [01;31m[Kassert[m[K(!target_is_valid_ && "clobbering target %d with %d!", target_,
      |         [01;31m[K^~~~~~[m[K
[01m[K/home/theda/dev_ws/src/autoronto_interview/src/solution.cpp:57:9:[m[K [01;36m[Knote: [m[Kâ€˜[01m[Kassert[m[Kâ€™ is defined in header â€˜[01m[K<cassert>[m[Kâ€™; did you forget to â€˜[01m[K#include <cassert>[m[Kâ€™?
gmake[2]: *** [CMakeFiles/solution.dir/build.make:76: CMakeFiles/solution.dir/src/solution.cpp.o] Error 1
gmake[1]: *** [CMakeFiles/Makefile2:137: CMakeFiles/solution.dir/all] Error 2
gmake: *** [Makefile:146: all] Error 2
