[0.020s] Invoking command in '/home/theda/dev_ws/src/autoronto_interview/build/autoronto_interview': CMAKE_PREFIX_PATH=/opt/ros/humble /usr/bin/cmake --build /home/theda/dev_ws/src/autoronto_interview/build/autoronto_interview -- -j4 -l4
[0.088s] [35m[1mConsolidate compiler generated dependencies of target solution[0m
[0.157s] [ 50%] [32mBuilding CXX object CMakeFiles/solution.dir/src/solution.cpp.o[0m
[0.405s] [01m[K/home/theda/dev_ws/src/autoronto_interview/src/solution.cpp:49:71:[m[K [01;31m[Kerror: [m[Kmacro "assert" passed 3 arguments, but takes just 1
[0.405s]    49 |                 ivec2str(input_).c_str(), ivec2str(input.data).c_str()[01;31m[K)[m[K;
[0.406s]       |                                                                       [01;31m[K^[m[K
[0.406s] In file included from [01m[K/usr/include/c++/11/cassert:44[m[K,
[0.406s]                  from [01m[K/home/theda/dev_ws/src/autoronto_interview/src/ivec2str.hpp:4[m[K,
[0.406s]                  from [01m[K/home/theda/dev_ws/src/autoronto_interview/src/solution.cpp:16[m[K:
[0.406s] [01m[K/usr/include/assert.h:92:[m[K [01;36m[Knote: [m[Kmacro "assert" defined here
[0.407s]    92 | #  define assert(expr)                                                  \
[0.407s]       | 
[0.407s] [01m[K/home/theda/dev_ws/src/autoronto_interview/src/solution.cpp:58:28:[m[K [01;31m[Kerror: [m[Kmacro "assert" passed 3 arguments, but takes just 1
[0.408s]    58 |                 target.data[01;31m[K)[m[K;
[0.408s]       |                            [01;31m[K^[m[K
[0.408s] In file included from [01m[K/usr/include/c++/11/cassert:44[m[K,
[0.408s]                  from [01m[K/home/theda/dev_ws/src/autoronto_interview/src/ivec2str.hpp:4[m[K,
[0.409s]                  from [01m[K/home/theda/dev_ws/src/autoronto_interview/src/solution.cpp:16[m[K:
[0.409s] [01m[K/usr/include/assert.h:92:[m[K [01;36m[Knote: [m[Kmacro "assert" defined here
[0.409s]    92 | #  define assert(expr)                                                  \
[0.410s]       | 
[3.555s] [01m[K/home/theda/dev_ws/src/autoronto_interview/src/solution.cpp:[m[K In member function â€˜[01m[Kvoid Solution::input_callback(const Int8MultiArray&)[m[Kâ€™:
[3.555s] [01m[K/home/theda/dev_ws/src/autoronto_interview/src/solution.cpp:48:9:[m[K [01;31m[Kerror: [m[Kâ€˜[01m[Kassert[m[Kâ€™ was not declared in this scope
[3.555s]    48 |         [01;31m[Kassert[m[K(!input_is_valid_ && "clobbering input %s with %s!",
[3.556s]       |         [01;31m[K^~~~~~[m[K
[3.556s] [01m[K/home/theda/dev_ws/src/autoronto_interview/src/solution.cpp:17:1:[m[K [01;36m[Knote: [m[Kâ€˜[01m[Kassert[m[Kâ€™ is defined in header â€˜[01m[K<cassert>[m[Kâ€™; did you forget to â€˜[01m[K#include <cassert>[m[Kâ€™?
[3.556s]    16 | #include "ivec2str.hpp"
[3.557s]   +++ |+[32m[K#include <cassert>[m[K
[3.557s]    17 | 
[3.557s] [01m[K/home/theda/dev_ws/src/autoronto_interview/src/solution.cpp:[m[K In member function â€˜[01m[Kvoid Solution::target_callback(const Int8&)[m[Kâ€™:
[3.558s] [01m[K/home/theda/dev_ws/src/autoronto_interview/src/solution.cpp:57:9:[m[K [01;31m[Kerror: [m[Kâ€˜[01m[Kassert[m[Kâ€™ was not declared in this scope
[3.559s]    57 |         [01;31m[Kassert[m[K(!target_is_valid_ && "clobbering target %d with %d!", target_,
[3.559s]       |         [01;31m[K^~~~~~[m[K
[3.559s] [01m[K/home/theda/dev_ws/src/autoronto_interview/src/solution.cpp:57:9:[m[K [01;36m[Knote: [m[Kâ€˜[01m[Kassert[m[Kâ€™ is defined in header â€˜[01m[K<cassert>[m[Kâ€™; did you forget to â€˜[01m[K#include <cassert>[m[Kâ€™?
[8.345s] gmake[2]: *** [CMakeFiles/solution.dir/build.make:76: CMakeFiles/solution.dir/src/solution.cpp.o] Error 1
[8.346s] gmake[1]: *** [CMakeFiles/Makefile2:137: CMakeFiles/solution.dir/all] Error 2
[8.346s] gmake: *** [Makefile:146: all] Error 2
[8.349s] Invoked command in '/home/theda/dev_ws/src/autoronto_interview/build/autoronto_interview' returned '2': CMAKE_PREFIX_PATH=/opt/ros/humble /usr/bin/cmake --build /home/theda/dev_ws/src/autoronto_interview/build/autoronto_interview -- -j4 -l4
