[01m[K/home/theda/dev_ws/src/autoronto_interview/src/test.cpp:[m[K In constructor â€˜[01m[KTest::Test()[m[Kâ€™:
[01m[K/home/theda/dev_ws/src/autoronto_interview/src/test.cpp:31:47:[m[K [01;31m[Kerror: [m[Kâ€˜[01m[Kinput_callback[m[Kâ€™ is not a member of â€˜[01m[KTest[m[Kâ€™
   31 |             "/solution", 10, std::bind(&Test::[01;31m[Kinput_callback[m[K, this, _1));
      |                                               [01;31m[K^~~~~~~~~~~~~~[m[K
gmake[2]: *** [CMakeFiles/davidchus_test.dir/build.make:76: CMakeFiles/davidchus_test.dir/src/test.cpp.o] Error 1
gmake[1]: *** [CMakeFiles/Makefile2:165: CMakeFiles/davidchus_test.dir/all] Error 2
gmake: *** [Makefile:146: all] Error 2
