[0.020s] Invoking command in '/home/theda/dev_ws/src/autoronto_interview/build/autoronto_interview': CMAKE_PREFIX_PATH=${CMAKE_PREFIX_PATH}:/opt/ros/humble /usr/bin/cmake --build /home/theda/dev_ws/src/autoronto_interview/build/autoronto_interview -- -j4 -l4
[0.065s] [35m[1mConsolidate compiler generated dependencies of target davidchus_test[0m
[0.078s] [ 50%] Built target solution
[0.087s] [ 75%] [32mBuilding CXX object CMakeFiles/davidchus_test.dir/src/test.cpp.o[0m
[3.200s] [01m[K/home/theda/dev_ws/src/autoronto_interview/src/test.cpp:[m[K In constructor â€˜[01m[KTest::Test()[m[Kâ€™:
[3.200s] [01m[K/home/theda/dev_ws/src/autoronto_interview/src/test.cpp:31:47:[m[K [01;31m[Kerror: [m[Kâ€˜[01m[Kinput_callback[m[Kâ€™ is not a member of â€˜[01m[KTest[m[Kâ€™
[3.201s]    31 |             "/solution", 10, std::bind(&Test::[01;31m[Kinput_callback[m[K, this, _1));
[3.201s]       |                                               [01;31m[K^~~~~~~~~~~~~~[m[K
[4.768s] gmake[2]: *** [CMakeFiles/davidchus_test.dir/build.make:76: CMakeFiles/davidchus_test.dir/src/test.cpp.o] Error 1
[4.768s] gmake[1]: *** [CMakeFiles/Makefile2:165: CMakeFiles/davidchus_test.dir/all] Error 2
[4.768s] gmake: *** [Makefile:146: all] Error 2
[4.771s] Invoked command in '/home/theda/dev_ws/src/autoronto_interview/build/autoronto_interview' returned '2': CMAKE_PREFIX_PATH=${CMAKE_PREFIX_PATH}:/opt/ros/humble /usr/bin/cmake --build /home/theda/dev_ws/src/autoronto_interview/build/autoronto_interview -- -j4 -l4
