[0.023s] Invoking command in '/home/theda/dev_ws/src/autoronto_interview/build/autoronto_interview': CMAKE_PREFIX_PATH=${CMAKE_PREFIX_PATH}:/opt/ros/humble /usr/bin/cmake --build /home/theda/dev_ws/src/autoronto_interview/build/autoronto_interview -- -j4 -l4
[0.173s] [ 25%] [32mBuilding CXX object CMakeFiles/solution.dir/src/solution.cpp.o[0m
[0.177s] [ 50%] [32mBuilding CXX object CMakeFiles/davidchus_test.dir/src/test.cpp.o[0m
[4.056s] In file included from [01m[K/home/theda/dev_ws/src/autoronto_interview/src/solution.cpp:15[m[K:
[4.056s] [01m[K/home/theda/dev_ws/src/autoronto_interview/src/find_indices.hpp:[m[K In function â€˜[01m[Kvoid test_case_find_indices_input(std::vector<signed char, std::allocator<signed char> >&, int8_t, std::vector<signed char, std::allocator<signed char> >)[m[Kâ€™:
[4.056s] [01m[K/home/theda/dev_ws/src/autoronto_interview/src/find_indices.hpp:56:5:[m[K [01;31m[Kerror: [m[Kâ€˜[01m[Ktest_case_find_indices_output[m[Kâ€™ was not declared in this scope; did you mean â€˜[01m[Ktest_case_find_indices_input[m[Kâ€™?
[4.057s]    56 |     [01;31m[Ktest_case_find_indices_output[m[K(oracle, output);
[4.057s]       |     [01;31m[K^~~~~~~~~~~~~~~~~~~~~~~~~~~~~[m[K
[4.057s]       |     [32m[Ktest_case_find_indices_input[m[K
[4.087s] In file included from [01m[K/home/theda/dev_ws/src/autoronto_interview/src/test.cpp:14[m[K:
[4.087s] [01m[K/home/theda/dev_ws/src/autoronto_interview/src/find_indices.hpp:[m[K In function â€˜[01m[Kvoid test_case_find_indices_input(std::vector<signed char, std::allocator<signed char> >&, int8_t, std::vector<signed char, std::allocator<signed char> >)[m[Kâ€™:
[4.087s] [01m[K/home/theda/dev_ws/src/autoronto_interview/src/find_indices.hpp:56:5:[m[K [01;31m[Kerror: [m[Kâ€˜[01m[Ktest_case_find_indices_output[m[Kâ€™ was not declared in this scope; did you mean â€˜[01m[Ktest_case_find_indices_input[m[Kâ€™?
[4.087s]    56 |     [01;31m[Ktest_case_find_indices_output[m[K(oracle, output);
[4.087s]       |     [01;31m[K^~~~~~~~~~~~~~~~~~~~~~~~~~~~~[m[K
[4.087s]       |     [32m[Ktest_case_find_indices_input[m[K
[4.099s] [01m[K/home/theda/dev_ws/src/autoronto_interview/src/test.cpp:[m[K At global scope:
[4.099s] [01m[K/home/theda/dev_ws/src/autoronto_interview/src/test.cpp:67:80:[m[K [01;31m[Kerror: [m[Kin-class initialization of static data member â€˜[01m[Kconst std::vector<std::pair<std::vector<signed char, std::allocator<signed char> >, signed char> > Test::data_[m[Kâ€™ of non-literal type
[4.100s]    67 |     static const std::vector<std::pair<std::vector<std::int8_t>, std::int8_t>> [01;31m[Kdata_[m[K = {
[4.100s]       |                                                                                [01;31m[K^~~~~[m[K
[4.108s] [01m[K/home/theda/dev_ws/src/autoronto_interview/src/test.cpp:77:5:[m[K [01;31m[Kerror: [m[Ktemporary of non-literal type â€˜[01m[Kconst std::vector<std::pair<std::vector<signed char, std::allocator<signed char> >, signed char> >[m[Kâ€™ in a constant expression
[4.108s]    77 |     [01;31m[K}[m[K;
[4.108s]       |     [01;31m[K^[m[K
[4.109s] In file included from [01m[K/usr/include/c++/11/vector:67[m[K,
[4.109s]                  from [01m[K/home/theda/dev_ws/src/autoronto_interview/src/test.cpp:2[m[K:
[4.109s] [01m[K/usr/include/c++/11/bits/stl_vector.h:389:11:[m[K [01;36m[Knote: [m[Kâ€˜[01m[Kstd::vector<std::pair<std::vector<signed char, std::allocator<signed char> >, signed char> >[m[Kâ€™ is not literal because:
[4.110s]   389 |     class [01;36m[Kvector[m[K : protected _Vector_base<_Tp, _Alloc>
[4.110s]       |           [01;36m[K^~~~~~[m[K
[4.110s] [01m[K/usr/include/c++/11/bits/stl_vector.h:389:11:[m[K [01;36m[Knote: [m[K  â€˜[01m[Kstd::vector<std::pair<std::vector<signed char, std::allocator<signed char> >, signed char> >[m[Kâ€™ has a non-trivial destructor
[4.263s] [01m[K/home/theda/dev_ws/src/autoronto_interview/src/test.cpp:[m[K In member function â€˜[01m[Kvoid Test::solution_callback(const Int8MultiArray&)[m[Kâ€™:
[4.263s] [01m[K/home/theda/dev_ws/src/autoronto_interview/src/test.cpp:62:56:[m[K [01;31m[Kerror: [m[Kâ€˜[01m[Kiteration[m[Kâ€™ was not declared in this scope; did you mean â€˜[01m[Kiteration_[m[Kâ€™?
[4.263s]    62 |         std::vector<std::int8_t> oracle = find_indices([01;31m[Kiteration[m[K)
[4.264s]       |                                                        [01;31m[K^~~~~~~~~[m[K
[4.264s]       |                                                        [32m[Kiteration_[m[K
[8.574s] gmake[2]: *** [CMakeFiles/davidchus_test.dir/build.make:76: CMakeFiles/davidchus_test.dir/src/test.cpp.o] Error 1
[8.575s] gmake[1]: *** [CMakeFiles/Makefile2:165: CMakeFiles/davidchus_test.dir/all] Error 2
[8.575s] gmake[1]: *** Waiting for unfinished jobs....
[9.561s] gmake[2]: *** [CMakeFiles/solution.dir/build.make:76: CMakeFiles/solution.dir/src/solution.cpp.o] Error 1
[9.561s] gmake[1]: *** [CMakeFiles/Makefile2:139: CMakeFiles/solution.dir/all] Error 2
[9.562s] gmake: *** [Makefile:146: all] Error 2
[9.566s] Invoked command in '/home/theda/dev_ws/src/autoronto_interview/build/autoronto_interview' returned '2': CMAKE_PREFIX_PATH=${CMAKE_PREFIX_PATH}:/opt/ros/humble /usr/bin/cmake --build /home/theda/dev_ws/src/autoronto_interview/build/autoronto_interview -- -j4 -l4
