[0.019s] Invoking command in '/home/theda/dev_ws/src/autoronto_interview/build/autoronto_interview': CMAKE_PREFIX_PATH=/opt/ros/humble /usr/bin/cmake --build /home/theda/dev_ws/src/autoronto_interview/build/autoronto_interview -- -j4 -l4
[0.071s] [35m[1mConsolidate compiler generated dependencies of target solution[0m
[0.093s] [ 50%] [32mBuilding CXX object CMakeFiles/solution.dir/src/solution.cpp.o[0m
[3.482s] [01m[K/home/theda/dev_ws/src/autoronto_interview/src/solution.cpp:[m[K In member function â€˜[01m[Kvoid Solution::timer_callback()[m[Kâ€™:
[3.483s] [01m[K/home/theda/dev_ws/src/autoronto_interview/src/solution.cpp:64:13:[m[K [01;31m[Kerror: [m[Kâ€˜[01m[Krclcpp_info[m[Kâ€™ was not declared in this scope
[3.483s]    64 |             [01;31m[Krclcpp_info[m[K(this->get_logger(), "Publishing: nothing! (%d)", counter++);
[3.483s]       |             [01;31m[K^~~~~~~~~~~[m[K
[4.910s] gmake[2]: *** [CMakeFiles/solution.dir/build.make:76: CMakeFiles/solution.dir/src/solution.cpp.o] Error 1
[4.910s] gmake[1]: *** [CMakeFiles/Makefile2:137: CMakeFiles/solution.dir/all] Error 2
[4.910s] gmake: *** [Makefile:146: all] Error 2
[4.912s] Invoked command in '/home/theda/dev_ws/src/autoronto_interview/build/autoronto_interview' returned '2': CMAKE_PREFIX_PATH=/opt/ros/humble /usr/bin/cmake --build /home/theda/dev_ws/src/autoronto_interview/build/autoronto_interview -- -j4 -l4
