[0.019s] Invoking command in '/home/theda/dev_ws/src/autoronto_interview/build/autoronto_interview': CMAKE_PREFIX_PATH=/opt/ros/humble /usr/bin/cmake --build /home/theda/dev_ws/src/autoronto_interview/build/autoronto_interview -- -j4 -l4
[0.087s] [ 50%] [32mBuilding CXX object CMakeFiles/solution.dir/src/solution.cpp.o[0m
[3.916s] [01m[K/home/theda/dev_ws/src/autoronto_interview/src/solution.cpp:92:38:[m[K [01;31m[Kerror: [m[Kâ€˜[01m[KString[m[Kâ€™ is not a member of â€˜[01m[Kstd_msgs::msg[m[Kâ€™
[3.917s]    92 |     rclcpp::Publisher<std_msgs::msg::[01;31m[KString[m[K>::SharedPtr publisher_;
[3.917s]       |                                      [01;31m[K^~~~~~[m[K
[3.917s] [01m[K/home/theda/dev_ws/src/autoronto_interview/src/solution.cpp:92:44:[m[K [01;31m[Kerror: [m[Ktemplate argument 1 is invalid
[3.917s]    92 |     rclcpp::Publisher<std_msgs::msg::String[01;31m[K>[m[K::SharedPtr publisher_;
[3.918s]       |                                            [01;31m[K^[m[K
[3.918s] [01m[K/home/theda/dev_ws/src/autoronto_interview/src/solution.cpp:92:47:[m[K [01;31m[Kerror: [m[Kexpected â€˜[01m[K;[m[Kâ€™ at end of member declaration
[3.918s]    92 |     rclcpp::Publisher<std_msgs::msg::String>::[01;31m[KSharedPtr[m[K publisher_;
[3.918s]       |                                               [01;31m[K^~~~~~~~~[m[K
[3.919s]       |                                                        [32m[K;[m[K
[3.920s] [01m[K/home/theda/dev_ws/src/autoronto_interview/src/solution.cpp:92:57:[m[K [01;31m[Kerror: [m[Kâ€˜[01m[Kpublisher_[m[Kâ€™ does not name a type; did you mean â€˜[01m[Krmw_publisher_t[m[Kâ€™?
[3.920s]    92 |     rclcpp::Publisher<std_msgs::msg::String>::SharedPtr [01;31m[Kpublisher_[m[K;
[3.921s]       |                                                         [01;31m[K^~~~~~~~~~[m[K
[3.921s]       |                                                         [32m[Krmw_publisher_t[m[K
[3.935s] [01m[K/home/theda/dev_ws/src/autoronto_interview/src/solution.cpp:[m[K In constructor â€˜[01m[KSolution::Solution()[m[Kâ€™:
[3.936s] [01m[K/home/theda/dev_ws/src/autoronto_interview/src/solution.cpp:36:9:[m[K [01;31m[Kerror: [m[Kâ€˜[01m[Kpublisher_[m[Kâ€™ was not declared in this scope; did you mean â€˜[01m[Krmw_publisher_t[m[Kâ€™?
[3.936s]    36 |         [01;31m[Kpublisher_[m[K = this->create_publisher<std_msgs::msg::Int8MultiArray>("/solution", 10);
[3.936s]       |         [01;31m[K^~~~~~~~~~[m[K
[3.937s]       |         [32m[Krmw_publisher_t[m[K
[3.951s] [01m[K/home/theda/dev_ws/src/autoronto_interview/src/solution.cpp:38:13:[m[K [01;31m[Kerror: [m[Kâ€˜[01m[Kl000ms[m[Kâ€™ was not declared in this scope
[3.951s]    38 |             [01;31m[Kl000ms[m[K, std::bind(&Solution::timer_callback, this));
[3.952s]       |             [01;31m[K^~~~~~[m[K
[3.957s] [01m[K/home/theda/dev_ws/src/autoronto_interview/src/solution.cpp:[m[K In member function â€˜[01m[Kvoid Solution::timer_callback()[m[Kâ€™:
[3.957s] [01m[K/home/theda/dev_ws/src/autoronto_interview/src/solution.cpp:59:24:[m[K [01;31m[Kerror: [m[Kâ€˜[01m[Kstd_msg[m[Kâ€™ has not been declared
[3.958s]    59 |         auto message = [01;31m[Kstd_msg[m[K::msg::Int8MultiArray();
[3.958s]       |                        [01;31m[K^~~~~~~[m[K
[3.970s] [01m[K/home/theda/dev_ws/src/autoronto_interview/src/solution.cpp:64:13:[m[K [01;31m[Kerror: [m[Kâ€˜[01m[Krclcpp_info[m[Kâ€™ was not declared in this scope
[3.970s]    64 |             [01;31m[Krclcpp_info[m[K(this->get_logger(), "Publishing: nothing! (%d)", counter++);
[3.971s]       |             [01;31m[K^~~~~~~~~~~[m[K
[3.980s] [01m[K/home/theda/dev_ws/src/autoronto_interview/src/solution.cpp:65:13:[m[K [01;31m[Kerror: [m[Kâ€˜[01m[Kpublisher_[m[Kâ€™ was not declared in this scope; did you mean â€˜[01m[Krmw_publisher_t[m[Kâ€™?
[3.980s]    65 |             [01;31m[Kpublisher_[m[K->publish(message);
[3.980s]       |             [01;31m[K^~~~~~~~~~[m[K
[3.981s]       |             [32m[Krmw_publisher_t[m[K
[3.986s] [01m[K/home/theda/dev_ws/src/autoronto_interview/src/solution.cpp:71:37:[m[K [01;31m[Kerror: [m[Kâ€˜[01m[Kinputs[m[Kâ€™ was not declared in this scope; did you mean â€˜[01m[Kinput_[m[Kâ€™?
[3.987s]    71 |         auto indices = find_indices([01;31m[Kinputs[m[K, target);
[3.987s]       |                                     [01;31m[K^~~~~~[m[K
[3.987s]       |                                     [32m[Kinput_[m[K
[3.993s] [01m[K/home/theda/dev_ws/src/autoronto_interview/src/solution.cpp:71:45:[m[K [01;31m[Kerror: [m[Kâ€˜[01m[Ktarget[m[Kâ€™ was not declared in this scope; did you mean â€˜[01m[Ktarget_[m[Kâ€™?
[3.993s]    71 |         auto indices = find_indices(inputs, [01;31m[Ktarget[m[K);
[3.993s]       |                                             [01;31m[K^~~~~~[m[K
[3.994s]       |                                             [32m[Ktarget_[m[K
[3.994s] [01m[K/home/theda/dev_ws/src/autoronto_interview/src/solution.cpp:75:25:[m[K [01;35m[Kwarning: [m[KC++ designated initializers only available with â€˜[01m[K-std=c++20[m[Kâ€™ or â€˜[01m[K-std=gnu++20[m[Kâ€™ [[01;35m[K]8;;https://gcc.gnu.org/onlinedocs/gcc/Warning-Options.html#index-Wpedantic-Wpedantic]8;;[m[K]
[3.994s]    75 |         message.dim = {{[01;35m[K.[m[Klabel = "length", .size = 2, .stride = 2}};  // is this the right name?
[3.995s]       |                         [01;35m[K^[m[K
[3.995s] [01m[K/home/theda/dev_ws/src/autoronto_interview/src/solution.cpp:75:44:[m[K [01;35m[Kwarning: [m[KC++ designated initializers only available with â€˜[01m[K-std=c++20[m[Kâ€™ or â€˜[01m[K-std=gnu++20[m[Kâ€™ [[01;35m[K]8;;https://gcc.gnu.org/onlinedocs/gcc/Warning-Options.html#index-Wpedantic-Wpedantic]8;;[m[K]
[3.995s]    75 |         message.dim = {{.label = "length", [01;35m[K.[m[Ksize = 2, .stride = 2}};  // is this the right name?
[3.996s]       |                                            [01;35m[K^[m[K
[3.996s] [01m[K/home/theda/dev_ws/src/autoronto_interview/src/solution.cpp:75:55:[m[K [01;35m[Kwarning: [m[KC++ designated initializers only available with â€˜[01m[K-std=c++20[m[Kâ€™ or â€˜[01m[K-std=gnu++20[m[Kâ€™ [[01;35m[K]8;;https://gcc.gnu.org/onlinedocs/gcc/Warning-Options.html#index-Wpedantic-Wpedantic]8;;[m[K]
[3.996s]    75 |         message.dim = {{.label = "length", .size = 2, [01;35m[K.[m[Kstride = 2}};  // is this the right name?
[3.997s]       |                                                       [01;35m[K^[m[K
[4.004s] [01m[K/home/theda/dev_ws/src/autoronto_interview/src/solution.cpp:76:9:[m[K [01;31m[Kerror: [m[Kâ€˜[01m[Krclcpp_info[m[Kâ€™ was not declared in this scope
[4.004s]    76 |         [01;31m[Krclcpp_info[m[K(this->get_logger(), "Publishing: (%d, %d)",
[4.005s]       |         [01;31m[K^~~~~~~~~~~[m[K
[4.015s] [01m[K/home/theda/dev_ws/src/autoronto_interview/src/solution.cpp:78:9:[m[K [01;31m[Kerror: [m[Kâ€˜[01m[Kpublisher_[m[Kâ€™ was not declared in this scope; did you mean â€˜[01m[Krmw_publisher_t[m[Kâ€™?
[4.016s]    78 |         [01;31m[Kpublisher_[m[K->publish(message);
[4.016s]       |         [01;31m[K^~~~~~~~~~[m[K
[4.016s]       |         [32m[Krmw_publisher_t[m[K
[5.120s] gmake[2]: *** [CMakeFiles/solution.dir/build.make:76: CMakeFiles/solution.dir/src/solution.cpp.o] Error 1
[5.120s] gmake[1]: *** [CMakeFiles/Makefile2:137: CMakeFiles/solution.dir/all] Error 2
[5.121s] gmake: *** [Makefile:146: all] Error 2
[5.123s] Invoked command in '/home/theda/dev_ws/src/autoronto_interview/build/autoronto_interview' returned '2': CMAKE_PREFIX_PATH=/opt/ros/humble /usr/bin/cmake --build /home/theda/dev_ws/src/autoronto_interview/build/autoronto_interview -- -j4 -l4
